[2022-11-06 21:21:20,606] login.py-->login line: 19 [INFO]-->data是:{'username': 'libai', 'password': 'csyz@1234'}，返回是:{"code":1,"message":"贺喜你，登录成功"}
[2022-11-06 21:21:20,631] login.py-->login line: 19 [INFO]-->data是:{'username': 'libai22222', 'password': 'opms123456'}，返回是:{"code":0,"message":"登录失败"}
[2022-11-06 21:21:20,631] login.py-->login line: 19 [INFO]-->data是:{'username': 'libai22222', 'password': 'opms123456'}，返回是:{"code":0,"message":"登录失败"}
[2022-11-06 21:21:20,664] login.py-->login line: 19 [INFO]-->data是:{'username': 'libai', 'password': ''}，返回是:{"code":0,"message":"请填写密码"}
[2022-11-06 21:21:20,664] login.py-->login line: 19 [INFO]-->data是:{'username': 'libai', 'password': ''}，返回是:{"code":0,"message":"请填写密码"}
[2022-11-06 21:21:20,664] login.py-->login line: 19 [INFO]-->data是:{'username': 'libai', 'password': ''}，返回是:{"code":0,"message":"请填写密码"}
[2022-11-06 21:21:20,699] login.py-->login line: 19 [INFO]-->data是:{'username': 'libai', 'password': 'opms12'}，返回是:{"code":0,"message":"登录失败"}
[2022-11-06 21:21:20,699] login.py-->login line: 19 [INFO]-->data是:{'username': 'libai', 'password': 'opms12'}，返回是:{"code":0,"message":"登录失败"}
[2022-11-06 21:21:20,699] login.py-->login line: 19 [INFO]-->data是:{'username': 'libai', 'password': 'opms12'}，返回是:{"code":0,"message":"登录失败"}
[2022-11-06 21:21:20,699] login.py-->login line: 19 [INFO]-->data是:{'username': 'libai', 'password': 'opms12'}，返回是:{"code":0,"message":"登录失败"}
[2022-11-06 21:21:20,730] login.py-->login line: 19 [INFO]-->data是:{'username': 'liba33i', 'password': 'opms333123456'}，返回是:{"code":0,"message":"登录失败"}
[2022-11-06 21:21:20,730] login.py-->login line: 19 [INFO]-->data是:{'username': 'liba33i', 'password': 'opms333123456'}，返回是:{"code":0,"message":"登录失败"}
[2022-11-06 21:21:20,730] login.py-->login line: 19 [INFO]-->data是:{'username': 'liba33i', 'password': 'opms333123456'}，返回是:{"code":0,"message":"登录失败"}
[2022-11-06 21:21:20,730] login.py-->login line: 19 [INFO]-->data是:{'username': 'liba33i', 'password': 'opms333123456'}，返回是:{"code":0,"message":"登录失败"}
[2022-11-06 21:21:20,730] login.py-->login line: 19 [INFO]-->data是:{'username': 'liba33i', 'password': 'opms333123456'}，返回是:{"code":0,"message":"登录失败"}
[2022-11-06 21:21:20,763] login.py-->login line: 19 [INFO]-->data是:{'username': '', 'password': 'opms123456'}，返回是:{"code":0,"message":"请填写用户名"}
[2022-11-06 21:21:20,763] login.py-->login line: 19 [INFO]-->data是:{'username': '', 'password': 'opms123456'}，返回是:{"code":0,"message":"请填写用户名"}
[2022-11-06 21:21:20,763] login.py-->login line: 19 [INFO]-->data是:{'username': '', 'password': 'opms123456'}，返回是:{"code":0,"message":"请填写用户名"}
[2022-11-06 21:21:20,763] login.py-->login line: 19 [INFO]-->data是:{'username': '', 'password': 'opms123456'}，返回是:{"code":0,"message":"请填写用户名"}
[2022-11-06 21:21:20,763] login.py-->login line: 19 [INFO]-->data是:{'username': '', 'password': 'opms123456'}，返回是:{"code":0,"message":"请填写用户名"}
[2022-11-06 21:21:20,763] login.py-->login line: 19 [INFO]-->data是:{'username': '', 'password': 'opms123456'}，返回是:{"code":0,"message":"请填写用户名"}
