[2022-11-07 09:40:27,336] login.py-->login line: 19 [INFO]-->data是:{'username': 'libai', 'password': 'csyz@1234'}，返回是:{"code":1,"message":"贺喜你，登录成功"}
[2022-11-07 09:40:27,369] login.py-->login line: 19 [INFO]-->data是:{'username': 'libai22222', 'password': 'opms123456'}，返回是:{"code":0,"message":"登录失败"}
[2022-11-07 09:40:27,369] login.py-->login line: 19 [INFO]-->data是:{'username': 'libai22222', 'password': 'opms123456'}，返回是:{"code":0,"message":"登录失败"}
[2022-11-07 09:40:27,400] login.py-->login line: 19 [INFO]-->data是:{'username': 'libai', 'password': ''}，返回是:{"code":0,"message":"请填写密码"}
[2022-11-07 09:40:27,400] login.py-->login line: 19 [INFO]-->data是:{'username': 'libai', 'password': ''}，返回是:{"code":0,"message":"请填写密码"}
[2022-11-07 09:40:27,400] login.py-->login line: 19 [INFO]-->data是:{'username': 'libai', 'password': ''}，返回是:{"code":0,"message":"请填写密码"}
[2022-11-07 09:40:27,453] login.py-->login line: 19 [INFO]-->data是:{'username': 'libai', 'password': 'opms12'}，返回是:{"code":0,"message":"登录失败"}
[2022-11-07 09:40:27,453] login.py-->login line: 19 [INFO]-->data是:{'username': 'libai', 'password': 'opms12'}，返回是:{"code":0,"message":"登录失败"}
[2022-11-07 09:40:27,453] login.py-->login line: 19 [INFO]-->data是:{'username': 'libai', 'password': 'opms12'}，返回是:{"code":0,"message":"登录失败"}
[2022-11-07 09:40:27,453] login.py-->login line: 19 [INFO]-->data是:{'username': 'libai', 'password': 'opms12'}，返回是:{"code":0,"message":"登录失败"}
[2022-11-07 09:40:27,483] login.py-->login line: 19 [INFO]-->data是:{'username': 'liba33i', 'password': 'opms333123456'}，返回是:{"code":0,"message":"登录失败"}
[2022-11-07 09:40:27,483] login.py-->login line: 19 [INFO]-->data是:{'username': 'liba33i', 'password': 'opms333123456'}，返回是:{"code":0,"message":"登录失败"}
[2022-11-07 09:40:27,483] login.py-->login line: 19 [INFO]-->data是:{'username': 'liba33i', 'password': 'opms333123456'}，返回是:{"code":0,"message":"登录失败"}
[2022-11-07 09:40:27,483] login.py-->login line: 19 [INFO]-->data是:{'username': 'liba33i', 'password': 'opms333123456'}，返回是:{"code":0,"message":"登录失败"}
[2022-11-07 09:40:27,483] login.py-->login line: 19 [INFO]-->data是:{'username': 'liba33i', 'password': 'opms333123456'}，返回是:{"code":0,"message":"登录失败"}
[2022-11-07 09:40:27,513] login.py-->login line: 19 [INFO]-->data是:{'username': '', 'password': 'opms123456'}，返回是:{"code":0,"message":"请填写用户名"}
[2022-11-07 09:40:27,513] login.py-->login line: 19 [INFO]-->data是:{'username': '', 'password': 'opms123456'}，返回是:{"code":0,"message":"请填写用户名"}
[2022-11-07 09:40:27,513] login.py-->login line: 19 [INFO]-->data是:{'username': '', 'password': 'opms123456'}，返回是:{"code":0,"message":"请填写用户名"}
[2022-11-07 09:40:27,513] login.py-->login line: 19 [INFO]-->data是:{'username': '', 'password': 'opms123456'}，返回是:{"code":0,"message":"请填写用户名"}
[2022-11-07 09:40:27,513] login.py-->login line: 19 [INFO]-->data是:{'username': '', 'password': 'opms123456'}，返回是:{"code":0,"message":"请填写用户名"}
[2022-11-07 09:40:27,513] login.py-->login line: 19 [INFO]-->data是:{'username': '', 'password': 'opms123456'}，返回是:{"code":0,"message":"请填写用户名"}
[2022-11-07 09:40:27,564] login.py-->login line: 19 [INFO]-->data是:{'username': '', 'password': 'csyz@1234'}，返回是:{"code":0,"message":"请填写用户名"}
[2022-11-07 09:40:27,564] login.py-->login line: 19 [INFO]-->data是:{'username': '', 'password': 'csyz@1234'}，返回是:{"code":0,"message":"请填写用户名"}
[2022-11-07 09:40:27,564] login.py-->login line: 19 [INFO]-->data是:{'username': '', 'password': 'csyz@1234'}，返回是:{"code":0,"message":"请填写用户名"}
[2022-11-07 09:40:27,564] login.py-->login line: 19 [INFO]-->data是:{'username': '', 'password': 'csyz@1234'}，返回是:{"code":0,"message":"请填写用户名"}
[2022-11-07 09:40:27,564] login.py-->login line: 19 [INFO]-->data是:{'username': '', 'password': 'csyz@1234'}，返回是:{"code":0,"message":"请填写用户名"}
[2022-11-07 09:40:27,564] login.py-->login line: 19 [INFO]-->data是:{'username': '', 'password': 'csyz@1234'}，返回是:{"code":0,"message":"请填写用户名"}
[2022-11-07 09:40:27,564] login.py-->login line: 19 [INFO]-->data是:{'username': '', 'password': 'csyz@1234'}，返回是:{"code":0,"message":"请填写用户名"}
[2022-11-07 09:40:27,610] login.py-->login line: 19 [INFO]-->data是:{'username': '', 'password': 'csyz@1234'}，返回是:{"code":0,"message":"请填写用户名"}
[2022-11-07 09:40:27,610] login.py-->login line: 19 [INFO]-->data是:{'username': '', 'password': 'csyz@1234'}，返回是:{"code":0,"message":"请填写用户名"}
[2022-11-07 09:40:27,610] login.py-->login line: 19 [INFO]-->data是:{'username': '', 'password': 'csyz@1234'}，返回是:{"code":0,"message":"请填写用户名"}
[2022-11-07 09:40:27,610] login.py-->login line: 19 [INFO]-->data是:{'username': '', 'password': 'csyz@1234'}，返回是:{"code":0,"message":"请填写用户名"}
[2022-11-07 09:40:27,610] login.py-->login line: 19 [INFO]-->data是:{'username': '', 'password': 'csyz@1234'}，返回是:{"code":0,"message":"请填写用户名"}
[2022-11-07 09:40:27,610] login.py-->login line: 19 [INFO]-->data是:{'username': '', 'password': 'csyz@1234'}，返回是:{"code":0,"message":"请填写用户名"}
[2022-11-07 09:40:27,610] login.py-->login line: 19 [INFO]-->data是:{'username': '', 'password': 'csyz@1234'}，返回是:{"code":0,"message":"请填写用户名"}
[2022-11-07 09:40:27,610] login.py-->login line: 19 [INFO]-->data是:{'username': '', 'password': 'csyz@1234'}，返回是:{"code":0,"message":"请填写用户名"}
[2022-11-07 09:40:27,658] login.py-->login line: 19 [INFO]-->data是:{'username': 'libai', 'password': 'csyz@1234'}，返回是:{"code":1,"message":"贺喜你，登录成功"}
[2022-11-07 09:40:27,658] login.py-->login line: 19 [INFO]-->data是:{'username': 'libai', 'password': 'csyz@1234'}，返回是:{"code":1,"message":"贺喜你，登录成功"}
[2022-11-07 09:40:27,658] login.py-->login line: 19 [INFO]-->data是:{'username': 'libai', 'password': 'csyz@1234'}，返回是:{"code":1,"message":"贺喜你，登录成功"}
[2022-11-07 09:40:27,658] login.py-->login line: 19 [INFO]-->data是:{'username': 'libai', 'password': 'csyz@1234'}，返回是:{"code":1,"message":"贺喜你，登录成功"}
[2022-11-07 09:40:27,658] login.py-->login line: 19 [INFO]-->data是:{'username': 'libai', 'password': 'csyz@1234'}，返回是:{"code":1,"message":"贺喜你，登录成功"}
[2022-11-07 09:40:27,658] login.py-->login line: 19 [INFO]-->data是:{'username': 'libai', 'password': 'csyz@1234'}，返回是:{"code":1,"message":"贺喜你，登录成功"}
[2022-11-07 09:40:27,658] login.py-->login line: 19 [INFO]-->data是:{'username': 'libai', 'password': 'csyz@1234'}，返回是:{"code":1,"message":"贺喜你，登录成功"}
[2022-11-07 09:40:27,658] login.py-->login line: 19 [INFO]-->data是:{'username': 'libai', 'password': 'csyz@1234'}，返回是:{"code":1,"message":"贺喜你，登录成功"}
[2022-11-07 09:40:27,658] login.py-->login line: 19 [INFO]-->data是:{'username': 'libai', 'password': 'csyz@1234'}，返回是:{"code":1,"message":"贺喜你，登录成功"}
[2022-11-07 09:40:27,693] login.py-->login line: 19 [INFO]-->data是:{'username': 'libai123', 'password': 'csyz@1234'}，返回是:{"code":0,"message":"登录失败"}
[2022-11-07 09:40:27,693] login.py-->login line: 19 [INFO]-->data是:{'username': 'libai123', 'password': 'csyz@1234'}，返回是:{"code":0,"message":"登录失败"}
[2022-11-07 09:40:27,693] login.py-->login line: 19 [INFO]-->data是:{'username': 'libai123', 'password': 'csyz@1234'}，返回是:{"code":0,"message":"登录失败"}
[2022-11-07 09:40:27,693] login.py-->login line: 19 [INFO]-->data是:{'username': 'libai123', 'password': 'csyz@1234'}，返回是:{"code":0,"message":"登录失败"}
[2022-11-07 09:40:27,693] login.py-->login line: 19 [INFO]-->data是:{'username': 'libai123', 'password': 'csyz@1234'}，返回是:{"code":0,"message":"登录失败"}
[2022-11-07 09:40:27,693] login.py-->login line: 19 [INFO]-->data是:{'username': 'libai123', 'password': 'csyz@1234'}，返回是:{"code":0,"message":"登录失败"}
[2022-11-07 09:40:27,693] login.py-->login line: 19 [INFO]-->data是:{'username': 'libai123', 'password': 'csyz@1234'}，返回是:{"code":0,"message":"登录失败"}
[2022-11-07 09:40:27,693] login.py-->login line: 19 [INFO]-->data是:{'username': 'libai123', 'password': 'csyz@1234'}，返回是:{"code":0,"message":"登录失败"}
[2022-11-07 09:40:27,693] login.py-->login line: 19 [INFO]-->data是:{'username': 'libai123', 'password': 'csyz@1234'}，返回是:{"code":0,"message":"登录失败"}
[2022-11-07 09:40:27,693] login.py-->login line: 19 [INFO]-->data是:{'username': 'libai123', 'password': 'csyz@1234'}，返回是:{"code":0,"message":"登录失败"}
[2022-11-07 09:40:27,726] login.py-->login line: 19 [INFO]-->data是:{'username': 'libai', 'password': 'csyz@1234'}，返回是:{"code":1,"message":"贺喜你，登录成功"}
[2022-11-07 09:40:27,726] login.py-->login line: 19 [INFO]-->data是:{'username': 'libai', 'password': 'csyz@1234'}，返回是:{"code":1,"message":"贺喜你，登录成功"}
[2022-11-07 09:40:27,726] login.py-->login line: 19 [INFO]-->data是:{'username': 'libai', 'password': 'csyz@1234'}，返回是:{"code":1,"message":"贺喜你，登录成功"}
[2022-11-07 09:40:27,726] login.py-->login line: 19 [INFO]-->data是:{'username': 'libai', 'password': 'csyz@1234'}，返回是:{"code":1,"message":"贺喜你，登录成功"}
[2022-11-07 09:40:27,726] login.py-->login line: 19 [INFO]-->data是:{'username': 'libai', 'password': 'csyz@1234'}，返回是:{"code":1,"message":"贺喜你，登录成功"}
[2022-11-07 09:40:27,726] login.py-->login line: 19 [INFO]-->data是:{'username': 'libai', 'password': 'csyz@1234'}，返回是:{"code":1,"message":"贺喜你，登录成功"}
[2022-11-07 09:40:27,726] login.py-->login line: 19 [INFO]-->data是:{'username': 'libai', 'password': 'csyz@1234'}，返回是:{"code":1,"message":"贺喜你，登录成功"}
[2022-11-07 09:40:27,726] login.py-->login line: 19 [INFO]-->data是:{'username': 'libai', 'password': 'csyz@1234'}，返回是:{"code":1,"message":"贺喜你，登录成功"}
[2022-11-07 09:40:27,726] login.py-->login line: 19 [INFO]-->data是:{'username': 'libai', 'password': 'csyz@1234'}，返回是:{"code":1,"message":"贺喜你，登录成功"}
[2022-11-07 09:40:27,726] login.py-->login line: 19 [INFO]-->data是:{'username': 'libai', 'password': 'csyz@1234'}，返回是:{"code":1,"message":"贺喜你，登录成功"}
[2022-11-07 09:40:27,726] login.py-->login line: 19 [INFO]-->data是:{'username': 'libai', 'password': 'csyz@1234'}，返回是:{"code":1,"message":"贺喜你，登录成功"}
[2022-11-07 09:42:29,672] login.py-->login line: 19 [INFO]-->data是:{'username': 'libai', 'password': 'csyz@1234'}，返回是:{"code":1,"message":"贺喜你，登录成功"}
[2022-11-07 09:42:29,698] login.py-->login line: 19 [INFO]-->data是:{'username': 'libai22222', 'password': 'opms123456'}，返回是:{"code":0,"message":"登录失败"}
[2022-11-07 09:42:29,698] login.py-->login line: 19 [INFO]-->data是:{'username': 'libai22222', 'password': 'opms123456'}，返回是:{"code":0,"message":"登录失败"}
[2022-11-07 09:42:29,723] login.py-->login line: 19 [INFO]-->data是:{'username': 'libai', 'password': ''}，返回是:{"code":0,"message":"请填写密码"}
[2022-11-07 09:42:29,723] login.py-->login line: 19 [INFO]-->data是:{'username': 'libai', 'password': ''}，返回是:{"code":0,"message":"请填写密码"}
[2022-11-07 09:42:29,723] login.py-->login line: 19 [INFO]-->data是:{'username': 'libai', 'password': ''}，返回是:{"code":0,"message":"请填写密码"}
[2022-11-07 09:42:29,763] login.py-->login line: 19 [INFO]-->data是:{'username': 'libai', 'password': 'opms12'}，返回是:{"code":0,"message":"登录失败"}
[2022-11-07 09:42:29,763] login.py-->login line: 19 [INFO]-->data是:{'username': 'libai', 'password': 'opms12'}，返回是:{"code":0,"message":"登录失败"}
[2022-11-07 09:42:29,763] login.py-->login line: 19 [INFO]-->data是:{'username': 'libai', 'password': 'opms12'}，返回是:{"code":0,"message":"登录失败"}
[2022-11-07 09:42:29,763] login.py-->login line: 19 [INFO]-->data是:{'username': 'libai', 'password': 'opms12'}，返回是:{"code":0,"message":"登录失败"}
[2022-11-07 09:42:29,796] login.py-->login line: 19 [INFO]-->data是:{'username': 'liba33i', 'password': 'opms333123456'}，返回是:{"code":0,"message":"登录失败"}
[2022-11-07 09:42:29,796] login.py-->login line: 19 [INFO]-->data是:{'username': 'liba33i', 'password': 'opms333123456'}，返回是:{"code":0,"message":"登录失败"}
[2022-11-07 09:42:29,796] login.py-->login line: 19 [INFO]-->data是:{'username': 'liba33i', 'password': 'opms333123456'}，返回是:{"code":0,"message":"登录失败"}
[2022-11-07 09:42:29,796] login.py-->login line: 19 [INFO]-->data是:{'username': 'liba33i', 'password': 'opms333123456'}，返回是:{"code":0,"message":"登录失败"}
[2022-11-07 09:42:29,796] login.py-->login line: 19 [INFO]-->data是:{'username': 'liba33i', 'password': 'opms333123456'}，返回是:{"code":0,"message":"登录失败"}
[2022-11-07 09:42:29,823] login.py-->login line: 19 [INFO]-->data是:{'username': '', 'password': 'opms123456'}，返回是:{"code":0,"message":"请填写用户名"}
[2022-11-07 09:42:29,823] login.py-->login line: 19 [INFO]-->data是:{'username': '', 'password': 'opms123456'}，返回是:{"code":0,"message":"请填写用户名"}
[2022-11-07 09:42:29,823] login.py-->login line: 19 [INFO]-->data是:{'username': '', 'password': 'opms123456'}，返回是:{"code":0,"message":"请填写用户名"}
[2022-11-07 09:42:29,823] login.py-->login line: 19 [INFO]-->data是:{'username': '', 'password': 'opms123456'}，返回是:{"code":0,"message":"请填写用户名"}
[2022-11-07 09:42:29,823] login.py-->login line: 19 [INFO]-->data是:{'username': '', 'password': 'opms123456'}，返回是:{"code":0,"message":"请填写用户名"}
[2022-11-07 09:42:29,823] login.py-->login line: 19 [INFO]-->data是:{'username': '', 'password': 'opms123456'}，返回是:{"code":0,"message":"请填写用户名"}
[2022-11-07 09:42:29,868] login.py-->login line: 19 [INFO]-->data是:{'username': '', 'password': 'csyz@1234'}，返回是:{"code":0,"message":"请填写用户名"}
[2022-11-07 09:42:29,868] login.py-->login line: 19 [INFO]-->data是:{'username': '', 'password': 'csyz@1234'}，返回是:{"code":0,"message":"请填写用户名"}
[2022-11-07 09:42:29,868] login.py-->login line: 19 [INFO]-->data是:{'username': '', 'password': 'csyz@1234'}，返回是:{"code":0,"message":"请填写用户名"}
[2022-11-07 09:42:29,868] login.py-->login line: 19 [INFO]-->data是:{'username': '', 'password': 'csyz@1234'}，返回是:{"code":0,"message":"请填写用户名"}
[2022-11-07 09:42:29,868] login.py-->login line: 19 [INFO]-->data是:{'username': '', 'password': 'csyz@1234'}，返回是:{"code":0,"message":"请填写用户名"}
[2022-11-07 09:42:29,868] login.py-->login line: 19 [INFO]-->data是:{'username': '', 'password': 'csyz@1234'}，返回是:{"code":0,"message":"请填写用户名"}
[2022-11-07 09:42:29,868] login.py-->login line: 19 [INFO]-->data是:{'username': '', 'password': 'csyz@1234'}，返回是:{"code":0,"message":"请填写用户名"}
[2022-11-07 09:42:29,915] login.py-->login line: 19 [INFO]-->data是:{'username': '', 'password': 'csyz@1234'}，返回是:{"code":0,"message":"请填写用户名"}
[2022-11-07 09:42:29,915] login.py-->login line: 19 [INFO]-->data是:{'username': '', 'password': 'csyz@1234'}，返回是:{"code":0,"message":"请填写用户名"}
[2022-11-07 09:42:29,915] login.py-->login line: 19 [INFO]-->data是:{'username': '', 'password': 'csyz@1234'}，返回是:{"code":0,"message":"请填写用户名"}
[2022-11-07 09:42:29,915] login.py-->login line: 19 [INFO]-->data是:{'username': '', 'password': 'csyz@1234'}，返回是:{"code":0,"message":"请填写用户名"}
[2022-11-07 09:42:29,915] login.py-->login line: 19 [INFO]-->data是:{'username': '', 'password': 'csyz@1234'}，返回是:{"code":0,"message":"请填写用户名"}
[2022-11-07 09:42:29,915] login.py-->login line: 19 [INFO]-->data是:{'username': '', 'password': 'csyz@1234'}，返回是:{"code":0,"message":"请填写用户名"}
[2022-11-07 09:42:29,915] login.py-->login line: 19 [INFO]-->data是:{'username': '', 'password': 'csyz@1234'}，返回是:{"code":0,"message":"请填写用户名"}
[2022-11-07 09:42:29,915] login.py-->login line: 19 [INFO]-->data是:{'username': '', 'password': 'csyz@1234'}，返回是:{"code":0,"message":"请填写用户名"}
[2022-11-07 09:42:29,968] login.py-->login line: 19 [INFO]-->data是:{'username': 'libai', 'password': 'csyz@1234'}，返回是:{"code":1,"message":"贺喜你，登录成功"}
[2022-11-07 09:42:29,968] login.py-->login line: 19 [INFO]-->data是:{'username': 'libai', 'password': 'csyz@1234'}，返回是:{"code":1,"message":"贺喜你，登录成功"}
[2022-11-07 09:42:29,968] login.py-->login line: 19 [INFO]-->data是:{'username': 'libai', 'password': 'csyz@1234'}，返回是:{"code":1,"message":"贺喜你，登录成功"}
[2022-11-07 09:42:29,968] login.py-->login line: 19 [INFO]-->data是:{'username': 'libai', 'password': 'csyz@1234'}，返回是:{"code":1,"message":"贺喜你，登录成功"}
[2022-11-07 09:42:29,968] login.py-->login line: 19 [INFO]-->data是:{'username': 'libai', 'password': 'csyz@1234'}，返回是:{"code":1,"message":"贺喜你，登录成功"}
[2022-11-07 09:42:29,968] login.py-->login line: 19 [INFO]-->data是:{'username': 'libai', 'password': 'csyz@1234'}，返回是:{"code":1,"message":"贺喜你，登录成功"}
[2022-11-07 09:42:29,968] login.py-->login line: 19 [INFO]-->data是:{'username': 'libai', 'password': 'csyz@1234'}，返回是:{"code":1,"message":"贺喜你，登录成功"}
[2022-11-07 09:42:29,968] login.py-->login line: 19 [INFO]-->data是:{'username': 'libai', 'password': 'csyz@1234'}，返回是:{"code":1,"message":"贺喜你，登录成功"}
[2022-11-07 09:42:29,968] login.py-->login line: 19 [INFO]-->data是:{'username': 'libai', 'password': 'csyz@1234'}，返回是:{"code":1,"message":"贺喜你，登录成功"}
[2022-11-07 09:42:30,003] login.py-->login line: 19 [INFO]-->data是:{'username': 'libai123', 'password': 'csyz@1234'}，返回是:{"code":0,"message":"登录失败"}
[2022-11-07 09:42:30,003] login.py-->login line: 19 [INFO]-->data是:{'username': 'libai123', 'password': 'csyz@1234'}，返回是:{"code":0,"message":"登录失败"}
[2022-11-07 09:42:30,003] login.py-->login line: 19 [INFO]-->data是:{'username': 'libai123', 'password': 'csyz@1234'}，返回是:{"code":0,"message":"登录失败"}
[2022-11-07 09:42:30,003] login.py-->login line: 19 [INFO]-->data是:{'username': 'libai123', 'password': 'csyz@1234'}，返回是:{"code":0,"message":"登录失败"}
[2022-11-07 09:42:30,003] login.py-->login line: 19 [INFO]-->data是:{'username': 'libai123', 'password': 'csyz@1234'}，返回是:{"code":0,"message":"登录失败"}
[2022-11-07 09:42:30,003] login.py-->login line: 19 [INFO]-->data是:{'username': 'libai123', 'password': 'csyz@1234'}，返回是:{"code":0,"message":"登录失败"}
[2022-11-07 09:42:30,003] login.py-->login line: 19 [INFO]-->data是:{'username': 'libai123', 'password': 'csyz@1234'}，返回是:{"code":0,"message":"登录失败"}
[2022-11-07 09:42:30,003] login.py-->login line: 19 [INFO]-->data是:{'username': 'libai123', 'password': 'csyz@1234'}，返回是:{"code":0,"message":"登录失败"}
[2022-11-07 09:42:30,003] login.py-->login line: 19 [INFO]-->data是:{'username': 'libai123', 'password': 'csyz@1234'}，返回是:{"code":0,"message":"登录失败"}
[2022-11-07 09:42:30,003] login.py-->login line: 19 [INFO]-->data是:{'username': 'libai123', 'password': 'csyz@1234'}，返回是:{"code":0,"message":"登录失败"}
[2022-11-07 09:42:30,036] login.py-->login line: 19 [INFO]-->data是:{'username': 'libai', 'password': 'csyz@1234'}，返回是:{"code":1,"message":"贺喜你，登录成功"}
[2022-11-07 09:42:30,036] login.py-->login line: 19 [INFO]-->data是:{'username': 'libai', 'password': 'csyz@1234'}，返回是:{"code":1,"message":"贺喜你，登录成功"}
[2022-11-07 09:42:30,036] login.py-->login line: 19 [INFO]-->data是:{'username': 'libai', 'password': 'csyz@1234'}，返回是:{"code":1,"message":"贺喜你，登录成功"}
[2022-11-07 09:42:30,036] login.py-->login line: 19 [INFO]-->data是:{'username': 'libai', 'password': 'csyz@1234'}，返回是:{"code":1,"message":"贺喜你，登录成功"}
[2022-11-07 09:42:30,036] login.py-->login line: 19 [INFO]-->data是:{'username': 'libai', 'password': 'csyz@1234'}，返回是:{"code":1,"message":"贺喜你，登录成功"}
[2022-11-07 09:42:30,036] login.py-->login line: 19 [INFO]-->data是:{'username': 'libai', 'password': 'csyz@1234'}，返回是:{"code":1,"message":"贺喜你，登录成功"}
[2022-11-07 09:42:30,036] login.py-->login line: 19 [INFO]-->data是:{'username': 'libai', 'password': 'csyz@1234'}，返回是:{"code":1,"message":"贺喜你，登录成功"}
[2022-11-07 09:42:30,036] login.py-->login line: 19 [INFO]-->data是:{'username': 'libai', 'password': 'csyz@1234'}，返回是:{"code":1,"message":"贺喜你，登录成功"}
[2022-11-07 09:42:30,036] login.py-->login line: 19 [INFO]-->data是:{'username': 'libai', 'password': 'csyz@1234'}，返回是:{"code":1,"message":"贺喜你，登录成功"}
[2022-11-07 09:42:30,036] login.py-->login line: 19 [INFO]-->data是:{'username': 'libai', 'password': 'csyz@1234'}，返回是:{"code":1,"message":"贺喜你，登录成功"}
[2022-11-07 09:42:30,036] login.py-->login line: 19 [INFO]-->data是:{'username': 'libai', 'password': 'csyz@1234'}，返回是:{"code":1,"message":"贺喜你，登录成功"}
[2022-11-07 09:43:02,619] login.py-->login line: 19 [INFO]-->data是:{'username': 'libai', 'password': 'csyz@1234'}，返回是:{"code":1,"message":"贺喜你，登录成功"}
[2022-11-07 09:43:02,648] login.py-->login line: 19 [INFO]-->data是:{'username': 'libai22222', 'password': 'opms123456'}，返回是:{"code":0,"message":"登录失败"}
[2022-11-07 09:43:02,648] login.py-->login line: 19 [INFO]-->data是:{'username': 'libai22222', 'password': 'opms123456'}，返回是:{"code":0,"message":"登录失败"}
[2022-11-07 09:43:02,677] login.py-->login line: 19 [INFO]-->data是:{'username': 'libai', 'password': ''}，返回是:{"code":0,"message":"请填写密码"}
[2022-11-07 09:43:02,677] login.py-->login line: 19 [INFO]-->data是:{'username': 'libai', 'password': ''}，返回是:{"code":0,"message":"请填写密码"}
[2022-11-07 09:43:02,677] login.py-->login line: 19 [INFO]-->data是:{'username': 'libai', 'password': ''}，返回是:{"code":0,"message":"请填写密码"}
[2022-11-07 09:43:02,731] login.py-->login line: 19 [INFO]-->data是:{'username': 'libai', 'password': 'opms12'}，返回是:{"code":0,"message":"登录失败"}
[2022-11-07 09:43:02,731] login.py-->login line: 19 [INFO]-->data是:{'username': 'libai', 'password': 'opms12'}，返回是:{"code":0,"message":"登录失败"}
[2022-11-07 09:43:02,731] login.py-->login line: 19 [INFO]-->data是:{'username': 'libai', 'password': 'opms12'}，返回是:{"code":0,"message":"登录失败"}
[2022-11-07 09:43:02,731] login.py-->login line: 19 [INFO]-->data是:{'username': 'libai', 'password': 'opms12'}，返回是:{"code":0,"message":"登录失败"}
[2022-11-07 09:43:02,762] login.py-->login line: 19 [INFO]-->data是:{'username': 'liba33i', 'password': 'opms333123456'}，返回是:{"code":0,"message":"登录失败"}
[2022-11-07 09:43:02,762] login.py-->login line: 19 [INFO]-->data是:{'username': 'liba33i', 'password': 'opms333123456'}，返回是:{"code":0,"message":"登录失败"}
[2022-11-07 09:43:02,762] login.py-->login line: 19 [INFO]-->data是:{'username': 'liba33i', 'password': 'opms333123456'}，返回是:{"code":0,"message":"登录失败"}
[2022-11-07 09:43:02,762] login.py-->login line: 19 [INFO]-->data是:{'username': 'liba33i', 'password': 'opms333123456'}，返回是:{"code":0,"message":"登录失败"}
[2022-11-07 09:43:02,762] login.py-->login line: 19 [INFO]-->data是:{'username': 'liba33i', 'password': 'opms333123456'}，返回是:{"code":0,"message":"登录失败"}
[2022-11-07 09:43:02,794] login.py-->login line: 19 [INFO]-->data是:{'username': '', 'password': 'opms123456'}，返回是:{"code":0,"message":"请填写用户名"}
[2022-11-07 09:43:02,794] login.py-->login line: 19 [INFO]-->data是:{'username': '', 'password': 'opms123456'}，返回是:{"code":0,"message":"请填写用户名"}
[2022-11-07 09:43:02,794] login.py-->login line: 19 [INFO]-->data是:{'username': '', 'password': 'opms123456'}，返回是:{"code":0,"message":"请填写用户名"}
[2022-11-07 09:43:02,794] login.py-->login line: 19 [INFO]-->data是:{'username': '', 'password': 'opms123456'}，返回是:{"code":0,"message":"请填写用户名"}
[2022-11-07 09:43:02,794] login.py-->login line: 19 [INFO]-->data是:{'username': '', 'password': 'opms123456'}，返回是:{"code":0,"message":"请填写用户名"}
[2022-11-07 09:43:02,794] login.py-->login line: 19 [INFO]-->data是:{'username': '', 'password': 'opms123456'}，返回是:{"code":0,"message":"请填写用户名"}
[2022-11-07 09:43:02,835] login.py-->login line: 19 [INFO]-->data是:{'username': '', 'password': 'csyz@1234'}，返回是:{"code":0,"message":"请填写用户名"}
[2022-11-07 09:43:02,835] login.py-->login line: 19 [INFO]-->data是:{'username': '', 'password': 'csyz@1234'}，返回是:{"code":0,"message":"请填写用户名"}
[2022-11-07 09:43:02,835] login.py-->login line: 19 [INFO]-->data是:{'username': '', 'password': 'csyz@1234'}，返回是:{"code":0,"message":"请填写用户名"}
[2022-11-07 09:43:02,835] login.py-->login line: 19 [INFO]-->data是:{'username': '', 'password': 'csyz@1234'}，返回是:{"code":0,"message":"请填写用户名"}
[2022-11-07 09:43:02,835] login.py-->login line: 19 [INFO]-->data是:{'username': '', 'password': 'csyz@1234'}，返回是:{"code":0,"message":"请填写用户名"}
[2022-11-07 09:43:02,835] login.py-->login line: 19 [INFO]-->data是:{'username': '', 'password': 'csyz@1234'}，返回是:{"code":0,"message":"请填写用户名"}
[2022-11-07 09:43:02,835] login.py-->login line: 19 [INFO]-->data是:{'username': '', 'password': 'csyz@1234'}，返回是:{"code":0,"message":"请填写用户名"}
[2022-11-07 09:43:02,882] login.py-->login line: 19 [INFO]-->data是:{'username': '', 'password': 'csyz@1234'}，返回是:{"code":0,"message":"请填写用户名"}
[2022-11-07 09:43:02,882] login.py-->login line: 19 [INFO]-->data是:{'username': '', 'password': 'csyz@1234'}，返回是:{"code":0,"message":"请填写用户名"}
[2022-11-07 09:43:02,882] login.py-->login line: 19 [INFO]-->data是:{'username': '', 'password': 'csyz@1234'}，返回是:{"code":0,"message":"请填写用户名"}
[2022-11-07 09:43:02,882] login.py-->login line: 19 [INFO]-->data是:{'username': '', 'password': 'csyz@1234'}，返回是:{"code":0,"message":"请填写用户名"}
[2022-11-07 09:43:02,882] login.py-->login line: 19 [INFO]-->data是:{'username': '', 'password': 'csyz@1234'}，返回是:{"code":0,"message":"请填写用户名"}
[2022-11-07 09:43:02,882] login.py-->login line: 19 [INFO]-->data是:{'username': '', 'password': 'csyz@1234'}，返回是:{"code":0,"message":"请填写用户名"}
[2022-11-07 09:43:02,882] login.py-->login line: 19 [INFO]-->data是:{'username': '', 'password': 'csyz@1234'}，返回是:{"code":0,"message":"请填写用户名"}
[2022-11-07 09:43:02,882] login.py-->login line: 19 [INFO]-->data是:{'username': '', 'password': 'csyz@1234'}，返回是:{"code":0,"message":"请填写用户名"}
[2022-11-07 09:43:02,929] login.py-->login line: 19 [INFO]-->data是:{'username': 'libai', 'password': 'csyz@1234'}，返回是:{"code":1,"message":"贺喜你，登录成功"}
[2022-11-07 09:43:02,929] login.py-->login line: 19 [INFO]-->data是:{'username': 'libai', 'password': 'csyz@1234'}，返回是:{"code":1,"message":"贺喜你，登录成功"}
[2022-11-07 09:43:02,929] login.py-->login line: 19 [INFO]-->data是:{'username': 'libai', 'password': 'csyz@1234'}，返回是:{"code":1,"message":"贺喜你，登录成功"}
[2022-11-07 09:43:02,929] login.py-->login line: 19 [INFO]-->data是:{'username': 'libai', 'password': 'csyz@1234'}，返回是:{"code":1,"message":"贺喜你，登录成功"}
[2022-11-07 09:43:02,929] login.py-->login line: 19 [INFO]-->data是:{'username': 'libai', 'password': 'csyz@1234'}，返回是:{"code":1,"message":"贺喜你，登录成功"}
[2022-11-07 09:43:02,929] login.py-->login line: 19 [INFO]-->data是:{'username': 'libai', 'password': 'csyz@1234'}，返回是:{"code":1,"message":"贺喜你，登录成功"}
[2022-11-07 09:43:02,929] login.py-->login line: 19 [INFO]-->data是:{'username': 'libai', 'password': 'csyz@1234'}，返回是:{"code":1,"message":"贺喜你，登录成功"}
[2022-11-07 09:43:02,929] login.py-->login line: 19 [INFO]-->data是:{'username': 'libai', 'password': 'csyz@1234'}，返回是:{"code":1,"message":"贺喜你，登录成功"}
[2022-11-07 09:43:02,929] login.py-->login line: 19 [INFO]-->data是:{'username': 'libai', 'password': 'csyz@1234'}，返回是:{"code":1,"message":"贺喜你，登录成功"}
[2022-11-07 09:43:02,957] login.py-->login line: 19 [INFO]-->data是:{'username': 'libai123', 'password': 'csyz@1234'}，返回是:{"code":0,"message":"登录失败"}
[2022-11-07 09:43:02,957] login.py-->login line: 19 [INFO]-->data是:{'username': 'libai123', 'password': 'csyz@1234'}，返回是:{"code":0,"message":"登录失败"}
[2022-11-07 09:43:02,957] login.py-->login line: 19 [INFO]-->data是:{'username': 'libai123', 'password': 'csyz@1234'}，返回是:{"code":0,"message":"登录失败"}
[2022-11-07 09:43:02,957] login.py-->login line: 19 [INFO]-->data是:{'username': 'libai123', 'password': 'csyz@1234'}，返回是:{"code":0,"message":"登录失败"}
[2022-11-07 09:43:02,957] login.py-->login line: 19 [INFO]-->data是:{'username': 'libai123', 'password': 'csyz@1234'}，返回是:{"code":0,"message":"登录失败"}
[2022-11-07 09:43:02,957] login.py-->login line: 19 [INFO]-->data是:{'username': 'libai123', 'password': 'csyz@1234'}，返回是:{"code":0,"message":"登录失败"}
[2022-11-07 09:43:02,957] login.py-->login line: 19 [INFO]-->data是:{'username': 'libai123', 'password': 'csyz@1234'}，返回是:{"code":0,"message":"登录失败"}
[2022-11-07 09:43:02,957] login.py-->login line: 19 [INFO]-->data是:{'username': 'libai123', 'password': 'csyz@1234'}，返回是:{"code":0,"message":"登录失败"}
[2022-11-07 09:43:02,957] login.py-->login line: 19 [INFO]-->data是:{'username': 'libai123', 'password': 'csyz@1234'}，返回是:{"code":0,"message":"登录失败"}
[2022-11-07 09:43:02,957] login.py-->login line: 19 [INFO]-->data是:{'username': 'libai123', 'password': 'csyz@1234'}，返回是:{"code":0,"message":"登录失败"}
[2022-11-07 09:43:02,989] login.py-->login line: 19 [INFO]-->data是:{'username': 'libai', 'password': 'csyz@1234'}，返回是:{"code":1,"message":"贺喜你，登录成功"}
[2022-11-07 09:43:02,989] login.py-->login line: 19 [INFO]-->data是:{'username': 'libai', 'password': 'csyz@1234'}，返回是:{"code":1,"message":"贺喜你，登录成功"}
[2022-11-07 09:43:02,989] login.py-->login line: 19 [INFO]-->data是:{'username': 'libai', 'password': 'csyz@1234'}，返回是:{"code":1,"message":"贺喜你，登录成功"}
[2022-11-07 09:43:02,989] login.py-->login line: 19 [INFO]-->data是:{'username': 'libai', 'password': 'csyz@1234'}，返回是:{"code":1,"message":"贺喜你，登录成功"}
[2022-11-07 09:43:02,989] login.py-->login line: 19 [INFO]-->data是:{'username': 'libai', 'password': 'csyz@1234'}，返回是:{"code":1,"message":"贺喜你，登录成功"}
[2022-11-07 09:43:02,989] login.py-->login line: 19 [INFO]-->data是:{'username': 'libai', 'password': 'csyz@1234'}，返回是:{"code":1,"message":"贺喜你，登录成功"}
[2022-11-07 09:43:02,989] login.py-->login line: 19 [INFO]-->data是:{'username': 'libai', 'password': 'csyz@1234'}，返回是:{"code":1,"message":"贺喜你，登录成功"}
[2022-11-07 09:43:02,989] login.py-->login line: 19 [INFO]-->data是:{'username': 'libai', 'password': 'csyz@1234'}，返回是:{"code":1,"message":"贺喜你，登录成功"}
[2022-11-07 09:43:02,989] login.py-->login line: 19 [INFO]-->data是:{'username': 'libai', 'password': 'csyz@1234'}，返回是:{"code":1,"message":"贺喜你，登录成功"}
[2022-11-07 09:43:02,989] login.py-->login line: 19 [INFO]-->data是:{'username': 'libai', 'password': 'csyz@1234'}，返回是:{"code":1,"message":"贺喜你，登录成功"}
[2022-11-07 09:43:02,989] login.py-->login line: 19 [INFO]-->data是:{'username': 'libai', 'password': 'csyz@1234'}，返回是:{"code":1,"message":"贺喜你，登录成功"}
[2022-11-07 09:56:37,951] login.py-->login line: 19 [INFO]-->data是:{'username': 'libai', 'password': 'csyz@1234'}，返回是:{"code":1,"message":"贺喜你，登录成功"}
[2022-11-07 09:56:37,976] login.py-->login line: 19 [INFO]-->data是:{'username': 'libai22222', 'password': 'opms123456'}，返回是:{"code":0,"message":"登录失败"}
[2022-11-07 09:56:37,976] login.py-->login line: 19 [INFO]-->data是:{'username': 'libai22222', 'password': 'opms123456'}，返回是:{"code":0,"message":"登录失败"}
[2022-11-07 09:56:38,000] login.py-->login line: 19 [INFO]-->data是:{'username': 'libai', 'password': ''}，返回是:{"code":0,"message":"请填写密码"}
[2022-11-07 09:56:38,000] login.py-->login line: 19 [INFO]-->data是:{'username': 'libai', 'password': ''}，返回是:{"code":0,"message":"请填写密码"}
[2022-11-07 09:56:38,000] login.py-->login line: 19 [INFO]-->data是:{'username': 'libai', 'password': ''}，返回是:{"code":0,"message":"请填写密码"}
[2022-11-07 09:56:38,039] login.py-->login line: 19 [INFO]-->data是:{'username': 'libai', 'password': 'opms12'}，返回是:{"code":0,"message":"登录失败"}
[2022-11-07 09:56:38,039] login.py-->login line: 19 [INFO]-->data是:{'username': 'libai', 'password': 'opms12'}，返回是:{"code":0,"message":"登录失败"}
[2022-11-07 09:56:38,039] login.py-->login line: 19 [INFO]-->data是:{'username': 'libai', 'password': 'opms12'}，返回是:{"code":0,"message":"登录失败"}
[2022-11-07 09:56:38,039] login.py-->login line: 19 [INFO]-->data是:{'username': 'libai', 'password': 'opms12'}，返回是:{"code":0,"message":"登录失败"}
[2022-11-07 09:56:38,063] login.py-->login line: 19 [INFO]-->data是:{'username': 'liba33i', 'password': 'opms333123456'}，返回是:{"code":0,"message":"登录失败"}
[2022-11-07 09:56:38,063] login.py-->login line: 19 [INFO]-->data是:{'username': 'liba33i', 'password': 'opms333123456'}，返回是:{"code":0,"message":"登录失败"}
[2022-11-07 09:56:38,063] login.py-->login line: 19 [INFO]-->data是:{'username': 'liba33i', 'password': 'opms333123456'}，返回是:{"code":0,"message":"登录失败"}
[2022-11-07 09:56:38,063] login.py-->login line: 19 [INFO]-->data是:{'username': 'liba33i', 'password': 'opms333123456'}，返回是:{"code":0,"message":"登录失败"}
[2022-11-07 09:56:38,063] login.py-->login line: 19 [INFO]-->data是:{'username': 'liba33i', 'password': 'opms333123456'}，返回是:{"code":0,"message":"登录失败"}
[2022-11-07 09:56:38,087] login.py-->login line: 19 [INFO]-->data是:{'username': '', 'password': 'opms123456'}，返回是:{"code":0,"message":"请填写用户名"}
[2022-11-07 09:56:38,087] login.py-->login line: 19 [INFO]-->data是:{'username': '', 'password': 'opms123456'}，返回是:{"code":0,"message":"请填写用户名"}
[2022-11-07 09:56:38,087] login.py-->login line: 19 [INFO]-->data是:{'username': '', 'password': 'opms123456'}，返回是:{"code":0,"message":"请填写用户名"}
[2022-11-07 09:56:38,087] login.py-->login line: 19 [INFO]-->data是:{'username': '', 'password': 'opms123456'}，返回是:{"code":0,"message":"请填写用户名"}
[2022-11-07 09:56:38,087] login.py-->login line: 19 [INFO]-->data是:{'username': '', 'password': 'opms123456'}，返回是:{"code":0,"message":"请填写用户名"}
[2022-11-07 09:56:38,087] login.py-->login line: 19 [INFO]-->data是:{'username': '', 'password': 'opms123456'}，返回是:{"code":0,"message":"请填写用户名"}
[2022-11-07 09:56:38,133] login.py-->login line: 19 [INFO]-->data是:{'username': '', 'password': 'csyz@1234'}，返回是:{"code":0,"message":"请填写用户名"}
[2022-11-07 09:56:38,133] login.py-->login line: 19 [INFO]-->data是:{'username': '', 'password': 'csyz@1234'}，返回是:{"code":0,"message":"请填写用户名"}
[2022-11-07 09:56:38,133] login.py-->login line: 19 [INFO]-->data是:{'username': '', 'password': 'csyz@1234'}，返回是:{"code":0,"message":"请填写用户名"}
[2022-11-07 09:56:38,133] login.py-->login line: 19 [INFO]-->data是:{'username': '', 'password': 'csyz@1234'}，返回是:{"code":0,"message":"请填写用户名"}
[2022-11-07 09:56:38,133] login.py-->login line: 19 [INFO]-->data是:{'username': '', 'password': 'csyz@1234'}，返回是:{"code":0,"message":"请填写用户名"}
[2022-11-07 09:56:38,133] login.py-->login line: 19 [INFO]-->data是:{'username': '', 'password': 'csyz@1234'}，返回是:{"code":0,"message":"请填写用户名"}
[2022-11-07 09:56:38,133] login.py-->login line: 19 [INFO]-->data是:{'username': '', 'password': 'csyz@1234'}，返回是:{"code":0,"message":"请填写用户名"}
[2022-11-07 09:56:38,167] login.py-->login line: 19 [INFO]-->data是:{'username': '', 'password': 'csyz@1234'}，返回是:{"code":0,"message":"请填写用户名"}
[2022-11-07 09:56:38,167] login.py-->login line: 19 [INFO]-->data是:{'username': '', 'password': 'csyz@1234'}，返回是:{"code":0,"message":"请填写用户名"}
[2022-11-07 09:56:38,167] login.py-->login line: 19 [INFO]-->data是:{'username': '', 'password': 'csyz@1234'}，返回是:{"code":0,"message":"请填写用户名"}
[2022-11-07 09:56:38,167] login.py-->login line: 19 [INFO]-->data是:{'username': '', 'password': 'csyz@1234'}，返回是:{"code":0,"message":"请填写用户名"}
[2022-11-07 09:56:38,167] login.py-->login line: 19 [INFO]-->data是:{'username': '', 'password': 'csyz@1234'}，返回是:{"code":0,"message":"请填写用户名"}
[2022-11-07 09:56:38,167] login.py-->login line: 19 [INFO]-->data是:{'username': '', 'password': 'csyz@1234'}，返回是:{"code":0,"message":"请填写用户名"}
[2022-11-07 09:56:38,167] login.py-->login line: 19 [INFO]-->data是:{'username': '', 'password': 'csyz@1234'}，返回是:{"code":0,"message":"请填写用户名"}
[2022-11-07 09:56:38,167] login.py-->login line: 19 [INFO]-->data是:{'username': '', 'password': 'csyz@1234'}，返回是:{"code":0,"message":"请填写用户名"}
[2022-11-07 09:56:38,207] login.py-->login line: 19 [INFO]-->data是:{'username': 'libai', 'password': 'csyz@1234'}，返回是:{"code":1,"message":"贺喜你，登录成功"}
[2022-11-07 09:56:38,207] login.py-->login line: 19 [INFO]-->data是:{'username': 'libai', 'password': 'csyz@1234'}，返回是:{"code":1,"message":"贺喜你，登录成功"}
[2022-11-07 09:56:38,207] login.py-->login line: 19 [INFO]-->data是:{'username': 'libai', 'password': 'csyz@1234'}，返回是:{"code":1,"message":"贺喜你，登录成功"}
[2022-11-07 09:56:38,207] login.py-->login line: 19 [INFO]-->data是:{'username': 'libai', 'password': 'csyz@1234'}，返回是:{"code":1,"message":"贺喜你，登录成功"}
[2022-11-07 09:56:38,207] login.py-->login line: 19 [INFO]-->data是:{'username': 'libai', 'password': 'csyz@1234'}，返回是:{"code":1,"message":"贺喜你，登录成功"}
[2022-11-07 09:56:38,207] login.py-->login line: 19 [INFO]-->data是:{'username': 'libai', 'password': 'csyz@1234'}，返回是:{"code":1,"message":"贺喜你，登录成功"}
[2022-11-07 09:56:38,207] login.py-->login line: 19 [INFO]-->data是:{'username': 'libai', 'password': 'csyz@1234'}，返回是:{"code":1,"message":"贺喜你，登录成功"}
[2022-11-07 09:56:38,207] login.py-->login line: 19 [INFO]-->data是:{'username': 'libai', 'password': 'csyz@1234'}，返回是:{"code":1,"message":"贺喜你，登录成功"}
[2022-11-07 09:56:38,207] login.py-->login line: 19 [INFO]-->data是:{'username': 'libai', 'password': 'csyz@1234'}，返回是:{"code":1,"message":"贺喜你，登录成功"}
[2022-11-07 09:56:38,242] login.py-->login line: 19 [INFO]-->data是:{'username': 'libai123', 'password': 'csyz@1234'}，返回是:{"code":0,"message":"登录失败"}
[2022-11-07 09:56:38,242] login.py-->login line: 19 [INFO]-->data是:{'username': 'libai123', 'password': 'csyz@1234'}，返回是:{"code":0,"message":"登录失败"}
[2022-11-07 09:56:38,242] login.py-->login line: 19 [INFO]-->data是:{'username': 'libai123', 'password': 'csyz@1234'}，返回是:{"code":0,"message":"登录失败"}
[2022-11-07 09:56:38,242] login.py-->login line: 19 [INFO]-->data是:{'username': 'libai123', 'password': 'csyz@1234'}，返回是:{"code":0,"message":"登录失败"}
[2022-11-07 09:56:38,242] login.py-->login line: 19 [INFO]-->data是:{'username': 'libai123', 'password': 'csyz@1234'}，返回是:{"code":0,"message":"登录失败"}
[2022-11-07 09:56:38,242] login.py-->login line: 19 [INFO]-->data是:{'username': 'libai123', 'password': 'csyz@1234'}，返回是:{"code":0,"message":"登录失败"}
[2022-11-07 09:56:38,242] login.py-->login line: 19 [INFO]-->data是:{'username': 'libai123', 'password': 'csyz@1234'}，返回是:{"code":0,"message":"登录失败"}
[2022-11-07 09:56:38,242] login.py-->login line: 19 [INFO]-->data是:{'username': 'libai123', 'password': 'csyz@1234'}，返回是:{"code":0,"message":"登录失败"}
[2022-11-07 09:56:38,242] login.py-->login line: 19 [INFO]-->data是:{'username': 'libai123', 'password': 'csyz@1234'}，返回是:{"code":0,"message":"登录失败"}
[2022-11-07 09:56:38,242] login.py-->login line: 19 [INFO]-->data是:{'username': 'libai123', 'password': 'csyz@1234'}，返回是:{"code":0,"message":"登录失败"}
[2022-11-07 09:56:38,268] login.py-->login line: 19 [INFO]-->data是:{'username': 'libai', 'password': 'csyz@1234'}，返回是:{"code":1,"message":"贺喜你，登录成功"}
[2022-11-07 09:56:38,268] login.py-->login line: 19 [INFO]-->data是:{'username': 'libai', 'password': 'csyz@1234'}，返回是:{"code":1,"message":"贺喜你，登录成功"}
[2022-11-07 09:56:38,268] login.py-->login line: 19 [INFO]-->data是:{'username': 'libai', 'password': 'csyz@1234'}，返回是:{"code":1,"message":"贺喜你，登录成功"}
[2022-11-07 09:56:38,268] login.py-->login line: 19 [INFO]-->data是:{'username': 'libai', 'password': 'csyz@1234'}，返回是:{"code":1,"message":"贺喜你，登录成功"}
[2022-11-07 09:56:38,268] login.py-->login line: 19 [INFO]-->data是:{'username': 'libai', 'password': 'csyz@1234'}，返回是:{"code":1,"message":"贺喜你，登录成功"}
[2022-11-07 09:56:38,268] login.py-->login line: 19 [INFO]-->data是:{'username': 'libai', 'password': 'csyz@1234'}，返回是:{"code":1,"message":"贺喜你，登录成功"}
[2022-11-07 09:56:38,268] login.py-->login line: 19 [INFO]-->data是:{'username': 'libai', 'password': 'csyz@1234'}，返回是:{"code":1,"message":"贺喜你，登录成功"}
[2022-11-07 09:56:38,268] login.py-->login line: 19 [INFO]-->data是:{'username': 'libai', 'password': 'csyz@1234'}，返回是:{"code":1,"message":"贺喜你，登录成功"}
[2022-11-07 09:56:38,268] login.py-->login line: 19 [INFO]-->data是:{'username': 'libai', 'password': 'csyz@1234'}，返回是:{"code":1,"message":"贺喜你，登录成功"}
[2022-11-07 09:56:38,268] login.py-->login line: 19 [INFO]-->data是:{'username': 'libai', 'password': 'csyz@1234'}，返回是:{"code":1,"message":"贺喜你，登录成功"}
[2022-11-07 09:56:38,268] login.py-->login line: 19 [INFO]-->data是:{'username': 'libai', 'password': 'csyz@1234'}，返回是:{"code":1,"message":"贺喜你，登录成功"}
[2022-11-07 09:56:38,311] login.py-->login line: 19 [INFO]-->data是:{'username': 'libai', 'password': 'csyz@1234'}，返回是:{"code":1,"message":"贺喜你，登录成功"}
[2022-11-07 09:56:38,311] login.py-->login line: 19 [INFO]-->data是:{'username': 'libai', 'password': 'csyz@1234'}，返回是:{"code":1,"message":"贺喜你，登录成功"}
[2022-11-07 09:56:38,311] login.py-->login line: 19 [INFO]-->data是:{'username': 'libai', 'password': 'csyz@1234'}，返回是:{"code":1,"message":"贺喜你，登录成功"}
[2022-11-07 09:56:38,311] login.py-->login line: 19 [INFO]-->data是:{'username': 'libai', 'password': 'csyz@1234'}，返回是:{"code":1,"message":"贺喜你，登录成功"}
[2022-11-07 09:56:38,311] login.py-->login line: 19 [INFO]-->data是:{'username': 'libai', 'password': 'csyz@1234'}，返回是:{"code":1,"message":"贺喜你，登录成功"}
[2022-11-07 09:56:38,311] login.py-->login line: 19 [INFO]-->data是:{'username': 'libai', 'password': 'csyz@1234'}，返回是:{"code":1,"message":"贺喜你，登录成功"}
[2022-11-07 09:56:38,311] login.py-->login line: 19 [INFO]-->data是:{'username': 'libai', 'password': 'csyz@1234'}，返回是:{"code":1,"message":"贺喜你，登录成功"}
[2022-11-07 09:56:38,311] login.py-->login line: 19 [INFO]-->data是:{'username': 'libai', 'password': 'csyz@1234'}，返回是:{"code":1,"message":"贺喜你，登录成功"}
[2022-11-07 09:56:38,311] login.py-->login line: 19 [INFO]-->data是:{'username': 'libai', 'password': 'csyz@1234'}，返回是:{"code":1,"message":"贺喜你，登录成功"}
[2022-11-07 09:56:38,311] login.py-->login line: 19 [INFO]-->data是:{'username': 'libai', 'password': 'csyz@1234'}，返回是:{"code":1,"message":"贺喜你，登录成功"}
[2022-11-07 09:56:38,311] login.py-->login line: 19 [INFO]-->data是:{'username': 'libai', 'password': 'csyz@1234'}，返回是:{"code":1,"message":"贺喜你，登录成功"}
[2022-11-07 09:56:38,311] login.py-->login line: 19 [INFO]-->data是:{'username': 'libai', 'password': 'csyz@1234'}，返回是:{"code":1,"message":"贺喜你，登录成功"}
[2022-11-07 09:56:38,408] add.py-->add line: 39 [INFO]-->{"code":1,"id":"809430670785908736","message":"项目信息添加成功"}
[2022-11-07 09:56:38,408] add.py-->add line: 39 [INFO]-->{"code":1,"id":"809430670785908736","message":"项目信息添加成功"}
[2022-11-07 09:56:38,408] add.py-->add line: 39 [INFO]-->{"code":1,"id":"809430670785908736","message":"项目信息添加成功"}
[2022-11-07 09:56:38,408] add.py-->add line: 39 [INFO]-->{"code":1,"id":"809430670785908736","message":"项目信息添加成功"}
[2022-11-07 09:56:38,408] add.py-->add line: 39 [INFO]-->{"code":1,"id":"809430670785908736","message":"项目信息添加成功"}
[2022-11-07 09:56:38,408] add.py-->add line: 39 [INFO]-->{"code":1,"id":"809430670785908736","message":"项目信息添加成功"}
[2022-11-07 09:56:38,408] add.py-->add line: 39 [INFO]-->{"code":1,"id":"809430670785908736","message":"项目信息添加成功"}
[2022-11-07 09:56:38,408] add.py-->add line: 39 [INFO]-->{"code":1,"id":"809430670785908736","message":"项目信息添加成功"}
[2022-11-07 09:56:38,408] add.py-->add line: 39 [INFO]-->{"code":1,"id":"809430670785908736","message":"项目信息添加成功"}
[2022-11-07 09:56:38,408] add.py-->add line: 39 [INFO]-->{"code":1,"id":"809430670785908736","message":"项目信息添加成功"}
[2022-11-07 09:56:38,408] add.py-->add line: 39 [INFO]-->{"code":1,"id":"809430670785908736","message":"项目信息添加成功"}
[2022-11-07 09:56:38,408] add.py-->add line: 39 [INFO]-->{"code":1,"id":"809430670785908736","message":"项目信息添加成功"}
[2022-11-07 09:56:38,408] add.py-->add line: 39 [INFO]-->{"code":1,"id":"809430670785908736","message":"项目信息添加成功"}
[2022-11-07 09:56:38,543] add.py-->add line: 39 [INFO]-->{"code":0,"message":"请填写项目名称"}
[2022-11-07 09:56:38,543] add.py-->add line: 39 [INFO]-->{"code":0,"message":"请填写项目名称"}
[2022-11-07 09:56:38,543] add.py-->add line: 39 [INFO]-->{"code":0,"message":"请填写项目名称"}
[2022-11-07 09:56:38,543] add.py-->add line: 39 [INFO]-->{"code":0,"message":"请填写项目名称"}
[2022-11-07 09:56:38,543] add.py-->add line: 39 [INFO]-->{"code":0,"message":"请填写项目名称"}
[2022-11-07 09:56:38,543] add.py-->add line: 39 [INFO]-->{"code":0,"message":"请填写项目名称"}
[2022-11-07 09:56:38,543] add.py-->add line: 39 [INFO]-->{"code":0,"message":"请填写项目名称"}
[2022-11-07 09:56:38,543] add.py-->add line: 39 [INFO]-->{"code":0,"message":"请填写项目名称"}
[2022-11-07 09:56:38,543] add.py-->add line: 39 [INFO]-->{"code":0,"message":"请填写项目名称"}
[2022-11-07 09:56:38,543] add.py-->add line: 39 [INFO]-->{"code":0,"message":"请填写项目名称"}
[2022-11-07 09:56:38,543] add.py-->add line: 39 [INFO]-->{"code":0,"message":"请填写项目名称"}
[2022-11-07 09:56:38,543] add.py-->add line: 39 [INFO]-->{"code":0,"message":"请填写项目名称"}
[2022-11-07 09:56:38,543] add.py-->add line: 39 [INFO]-->{"code":0,"message":"请填写项目名称"}
[2022-11-07 09:56:38,543] add.py-->add line: 39 [INFO]-->{"code":0,"message":"请填写项目名称"}
[2022-11-07 09:56:38,581] add.py-->add line: 39 [INFO]-->{"code":0,"message":"请填写项目别名"}
[2022-11-07 09:56:38,581] add.py-->add line: 39 [INFO]-->{"code":0,"message":"请填写项目别名"}
[2022-11-07 09:56:38,581] add.py-->add line: 39 [INFO]-->{"code":0,"message":"请填写项目别名"}
[2022-11-07 09:56:38,581] add.py-->add line: 39 [INFO]-->{"code":0,"message":"请填写项目别名"}
[2022-11-07 09:56:38,581] add.py-->add line: 39 [INFO]-->{"code":0,"message":"请填写项目别名"}
[2022-11-07 09:56:38,581] add.py-->add line: 39 [INFO]-->{"code":0,"message":"请填写项目别名"}
[2022-11-07 09:56:38,581] add.py-->add line: 39 [INFO]-->{"code":0,"message":"请填写项目别名"}
[2022-11-07 09:56:38,581] add.py-->add line: 39 [INFO]-->{"code":0,"message":"请填写项目别名"}
[2022-11-07 09:56:38,581] add.py-->add line: 39 [INFO]-->{"code":0,"message":"请填写项目别名"}
[2022-11-07 09:56:38,581] add.py-->add line: 39 [INFO]-->{"code":0,"message":"请填写项目别名"}
[2022-11-07 09:56:38,581] add.py-->add line: 39 [INFO]-->{"code":0,"message":"请填写项目别名"}
[2022-11-07 09:56:38,581] add.py-->add line: 39 [INFO]-->{"code":0,"message":"请填写项目别名"}
[2022-11-07 09:56:38,581] add.py-->add line: 39 [INFO]-->{"code":0,"message":"请填写项目别名"}
[2022-11-07 09:56:38,581] add.py-->add line: 39 [INFO]-->{"code":0,"message":"请填写项目别名"}
[2022-11-07 09:56:38,581] add.py-->add line: 39 [INFO]-->{"code":0,"message":"请填写项目别名"}
[2022-11-07 09:56:38,607] add.py-->add line: 39 [INFO]-->{"code":0,"message":"请填写开始时间"}
[2022-11-07 09:56:38,607] add.py-->add line: 39 [INFO]-->{"code":0,"message":"请填写开始时间"}
[2022-11-07 09:56:38,607] add.py-->add line: 39 [INFO]-->{"code":0,"message":"请填写开始时间"}
[2022-11-07 09:56:38,607] add.py-->add line: 39 [INFO]-->{"code":0,"message":"请填写开始时间"}
[2022-11-07 09:56:38,607] add.py-->add line: 39 [INFO]-->{"code":0,"message":"请填写开始时间"}
[2022-11-07 09:56:38,607] add.py-->add line: 39 [INFO]-->{"code":0,"message":"请填写开始时间"}
[2022-11-07 09:56:38,607] add.py-->add line: 39 [INFO]-->{"code":0,"message":"请填写开始时间"}
[2022-11-07 09:56:38,607] add.py-->add line: 39 [INFO]-->{"code":0,"message":"请填写开始时间"}
[2022-11-07 09:56:38,607] add.py-->add line: 39 [INFO]-->{"code":0,"message":"请填写开始时间"}
[2022-11-07 09:56:38,607] add.py-->add line: 39 [INFO]-->{"code":0,"message":"请填写开始时间"}
[2022-11-07 09:56:38,607] add.py-->add line: 39 [INFO]-->{"code":0,"message":"请填写开始时间"}
[2022-11-07 09:56:38,607] add.py-->add line: 39 [INFO]-->{"code":0,"message":"请填写开始时间"}
[2022-11-07 09:56:38,607] add.py-->add line: 39 [INFO]-->{"code":0,"message":"请填写开始时间"}
[2022-11-07 09:56:38,607] add.py-->add line: 39 [INFO]-->{"code":0,"message":"请填写开始时间"}
[2022-11-07 09:56:38,607] add.py-->add line: 39 [INFO]-->{"code":0,"message":"请填写开始时间"}
[2022-11-07 09:56:38,607] add.py-->add line: 39 [INFO]-->{"code":0,"message":"请填写开始时间"}
[2022-11-07 09:56:38,637] add.py-->add line: 39 [INFO]-->{"code":0,"message":"请填写结束时间"}
[2022-11-07 09:56:38,637] add.py-->add line: 39 [INFO]-->{"code":0,"message":"请填写结束时间"}
[2022-11-07 09:56:38,637] add.py-->add line: 39 [INFO]-->{"code":0,"message":"请填写结束时间"}
[2022-11-07 09:56:38,637] add.py-->add line: 39 [INFO]-->{"code":0,"message":"请填写结束时间"}
[2022-11-07 09:56:38,637] add.py-->add line: 39 [INFO]-->{"code":0,"message":"请填写结束时间"}
[2022-11-07 09:56:38,637] add.py-->add line: 39 [INFO]-->{"code":0,"message":"请填写结束时间"}
[2022-11-07 09:56:38,637] add.py-->add line: 39 [INFO]-->{"code":0,"message":"请填写结束时间"}
[2022-11-07 09:56:38,637] add.py-->add line: 39 [INFO]-->{"code":0,"message":"请填写结束时间"}
[2022-11-07 09:56:38,637] add.py-->add line: 39 [INFO]-->{"code":0,"message":"请填写结束时间"}
[2022-11-07 09:56:38,637] add.py-->add line: 39 [INFO]-->{"code":0,"message":"请填写结束时间"}
[2022-11-07 09:56:38,637] add.py-->add line: 39 [INFO]-->{"code":0,"message":"请填写结束时间"}
[2022-11-07 09:56:38,637] add.py-->add line: 39 [INFO]-->{"code":0,"message":"请填写结束时间"}
[2022-11-07 09:56:38,637] add.py-->add line: 39 [INFO]-->{"code":0,"message":"请填写结束时间"}
[2022-11-07 09:56:38,637] add.py-->add line: 39 [INFO]-->{"code":0,"message":"请填写结束时间"}
[2022-11-07 09:56:38,637] add.py-->add line: 39 [INFO]-->{"code":0,"message":"请填写结束时间"}
[2022-11-07 09:56:38,637] add.py-->add line: 39 [INFO]-->{"code":0,"message":"请填写结束时间"}
[2022-11-07 09:56:38,637] add.py-->add line: 39 [INFO]-->{"code":0,"message":"请填写结束时间"}
[2022-11-07 09:56:38,669] add.py-->add line: 39 [INFO]-->{"code":0,"message":"请填写项目描述"}
[2022-11-07 09:56:38,669] add.py-->add line: 39 [INFO]-->{"code":0,"message":"请填写项目描述"}
[2022-11-07 09:56:38,669] add.py-->add line: 39 [INFO]-->{"code":0,"message":"请填写项目描述"}
[2022-11-07 09:56:38,669] add.py-->add line: 39 [INFO]-->{"code":0,"message":"请填写项目描述"}
[2022-11-07 09:56:38,669] add.py-->add line: 39 [INFO]-->{"code":0,"message":"请填写项目描述"}
[2022-11-07 09:56:38,669] add.py-->add line: 39 [INFO]-->{"code":0,"message":"请填写项目描述"}
[2022-11-07 09:56:38,669] add.py-->add line: 39 [INFO]-->{"code":0,"message":"请填写项目描述"}
[2022-11-07 09:56:38,669] add.py-->add line: 39 [INFO]-->{"code":0,"message":"请填写项目描述"}
[2022-11-07 09:56:38,669] add.py-->add line: 39 [INFO]-->{"code":0,"message":"请填写项目描述"}
[2022-11-07 09:56:38,669] add.py-->add line: 39 [INFO]-->{"code":0,"message":"请填写项目描述"}
[2022-11-07 09:56:38,669] add.py-->add line: 39 [INFO]-->{"code":0,"message":"请填写项目描述"}
[2022-11-07 09:56:38,669] add.py-->add line: 39 [INFO]-->{"code":0,"message":"请填写项目描述"}
[2022-11-07 09:56:38,669] add.py-->add line: 39 [INFO]-->{"code":0,"message":"请填写项目描述"}
[2022-11-07 09:56:38,669] add.py-->add line: 39 [INFO]-->{"code":0,"message":"请填写项目描述"}
[2022-11-07 09:56:38,669] add.py-->add line: 39 [INFO]-->{"code":0,"message":"请填写项目描述"}
[2022-11-07 09:56:38,669] add.py-->add line: 39 [INFO]-->{"code":0,"message":"请填写项目描述"}
[2022-11-07 09:56:38,669] add.py-->add line: 39 [INFO]-->{"code":0,"message":"请填写项目描述"}
[2022-11-07 09:56:38,669] add.py-->add line: 39 [INFO]-->{"code":0,"message":"请填写项目描述"}
[2022-11-07 09:56:38,698] add.py-->add line: 39 [INFO]-->{"code":1,"id":"809430671998062592","message":"项目信息添加成功"}
[2022-11-07 09:56:38,698] add.py-->add line: 39 [INFO]-->{"code":1,"id":"809430671998062592","message":"项目信息添加成功"}
[2022-11-07 09:56:38,698] add.py-->add line: 39 [INFO]-->{"code":1,"id":"809430671998062592","message":"项目信息添加成功"}
[2022-11-07 09:56:38,698] add.py-->add line: 39 [INFO]-->{"code":1,"id":"809430671998062592","message":"项目信息添加成功"}
[2022-11-07 09:56:38,698] add.py-->add line: 39 [INFO]-->{"code":1,"id":"809430671998062592","message":"项目信息添加成功"}
[2022-11-07 09:56:38,698] add.py-->add line: 39 [INFO]-->{"code":1,"id":"809430671998062592","message":"项目信息添加成功"}
[2022-11-07 09:56:38,698] add.py-->add line: 39 [INFO]-->{"code":1,"id":"809430671998062592","message":"项目信息添加成功"}
[2022-11-07 09:56:38,698] add.py-->add line: 39 [INFO]-->{"code":1,"id":"809430671998062592","message":"项目信息添加成功"}
[2022-11-07 09:56:38,698] add.py-->add line: 39 [INFO]-->{"code":1,"id":"809430671998062592","message":"项目信息添加成功"}
[2022-11-07 09:56:38,698] add.py-->add line: 39 [INFO]-->{"code":1,"id":"809430671998062592","message":"项目信息添加成功"}
[2022-11-07 09:56:38,698] add.py-->add line: 39 [INFO]-->{"code":1,"id":"809430671998062592","message":"项目信息添加成功"}
[2022-11-07 09:56:38,698] add.py-->add line: 39 [INFO]-->{"code":1,"id":"809430671998062592","message":"项目信息添加成功"}
[2022-11-07 09:56:38,698] add.py-->add line: 39 [INFO]-->{"code":1,"id":"809430671998062592","message":"项目信息添加成功"}
[2022-11-07 09:56:38,698] add.py-->add line: 39 [INFO]-->{"code":1,"id":"809430671998062592","message":"项目信息添加成功"}
[2022-11-07 09:56:38,698] add.py-->add line: 39 [INFO]-->{"code":1,"id":"809430671998062592","message":"项目信息添加成功"}
[2022-11-07 09:56:38,698] add.py-->add line: 39 [INFO]-->{"code":1,"id":"809430671998062592","message":"项目信息添加成功"}
[2022-11-07 09:56:38,698] add.py-->add line: 39 [INFO]-->{"code":1,"id":"809430671998062592","message":"项目信息添加成功"}
[2022-11-07 09:56:38,698] add.py-->add line: 39 [INFO]-->{"code":1,"id":"809430671998062592","message":"项目信息添加成功"}
[2022-11-07 09:56:38,698] add.py-->add line: 39 [INFO]-->{"code":1,"id":"809430671998062592","message":"项目信息添加成功"}
[2022-11-07 09:57:40,900] login.py-->login line: 19 [INFO]-->data是:{'username': 'libai', 'password': 'csyz@1234'}，返回是:{"code":1,"message":"贺喜你，登录成功"}
[2022-11-07 09:57:40,923] login.py-->login line: 19 [INFO]-->data是:{'username': 'libai22222', 'password': 'opms123456'}，返回是:{"code":0,"message":"登录失败"}
[2022-11-07 09:57:40,923] login.py-->login line: 19 [INFO]-->data是:{'username': 'libai22222', 'password': 'opms123456'}，返回是:{"code":0,"message":"登录失败"}
[2022-11-07 09:57:40,947] login.py-->login line: 19 [INFO]-->data是:{'username': 'libai', 'password': ''}，返回是:{"code":0,"message":"请填写密码"}
[2022-11-07 09:57:40,947] login.py-->login line: 19 [INFO]-->data是:{'username': 'libai', 'password': ''}，返回是:{"code":0,"message":"请填写密码"}
[2022-11-07 09:57:40,947] login.py-->login line: 19 [INFO]-->data是:{'username': 'libai', 'password': ''}，返回是:{"code":0,"message":"请填写密码"}
[2022-11-07 09:57:40,980] login.py-->login line: 19 [INFO]-->data是:{'username': 'libai', 'password': 'opms12'}，返回是:{"code":0,"message":"登录失败"}
[2022-11-07 09:57:40,980] login.py-->login line: 19 [INFO]-->data是:{'username': 'libai', 'password': 'opms12'}，返回是:{"code":0,"message":"登录失败"}
[2022-11-07 09:57:40,980] login.py-->login line: 19 [INFO]-->data是:{'username': 'libai', 'password': 'opms12'}，返回是:{"code":0,"message":"登录失败"}
[2022-11-07 09:57:40,980] login.py-->login line: 19 [INFO]-->data是:{'username': 'libai', 'password': 'opms12'}，返回是:{"code":0,"message":"登录失败"}
[2022-11-07 09:57:41,015] login.py-->login line: 19 [INFO]-->data是:{'username': 'liba33i', 'password': 'opms333123456'}，返回是:{"code":0,"message":"登录失败"}
[2022-11-07 09:57:41,015] login.py-->login line: 19 [INFO]-->data是:{'username': 'liba33i', 'password': 'opms333123456'}，返回是:{"code":0,"message":"登录失败"}
[2022-11-07 09:57:41,015] login.py-->login line: 19 [INFO]-->data是:{'username': 'liba33i', 'password': 'opms333123456'}，返回是:{"code":0,"message":"登录失败"}
[2022-11-07 09:57:41,015] login.py-->login line: 19 [INFO]-->data是:{'username': 'liba33i', 'password': 'opms333123456'}，返回是:{"code":0,"message":"登录失败"}
[2022-11-07 09:57:41,015] login.py-->login line: 19 [INFO]-->data是:{'username': 'liba33i', 'password': 'opms333123456'}，返回是:{"code":0,"message":"登录失败"}
[2022-11-07 09:57:41,035] login.py-->login line: 19 [INFO]-->data是:{'username': '', 'password': 'opms123456'}，返回是:{"code":0,"message":"请填写用户名"}
[2022-11-07 09:57:41,035] login.py-->login line: 19 [INFO]-->data是:{'username': '', 'password': 'opms123456'}，返回是:{"code":0,"message":"请填写用户名"}
[2022-11-07 09:57:41,035] login.py-->login line: 19 [INFO]-->data是:{'username': '', 'password': 'opms123456'}，返回是:{"code":0,"message":"请填写用户名"}
[2022-11-07 09:57:41,035] login.py-->login line: 19 [INFO]-->data是:{'username': '', 'password': 'opms123456'}，返回是:{"code":0,"message":"请填写用户名"}
[2022-11-07 09:57:41,035] login.py-->login line: 19 [INFO]-->data是:{'username': '', 'password': 'opms123456'}，返回是:{"code":0,"message":"请填写用户名"}
[2022-11-07 09:57:41,035] login.py-->login line: 19 [INFO]-->data是:{'username': '', 'password': 'opms123456'}，返回是:{"code":0,"message":"请填写用户名"}
[2022-11-07 09:57:41,081] login.py-->login line: 19 [INFO]-->data是:{'username': '', 'password': 'csyz@1234'}，返回是:{"code":0,"message":"请填写用户名"}
[2022-11-07 09:57:41,081] login.py-->login line: 19 [INFO]-->data是:{'username': '', 'password': 'csyz@1234'}，返回是:{"code":0,"message":"请填写用户名"}
[2022-11-07 09:57:41,081] login.py-->login line: 19 [INFO]-->data是:{'username': '', 'password': 'csyz@1234'}，返回是:{"code":0,"message":"请填写用户名"}
[2022-11-07 09:57:41,081] login.py-->login line: 19 [INFO]-->data是:{'username': '', 'password': 'csyz@1234'}，返回是:{"code":0,"message":"请填写用户名"}
[2022-11-07 09:57:41,081] login.py-->login line: 19 [INFO]-->data是:{'username': '', 'password': 'csyz@1234'}，返回是:{"code":0,"message":"请填写用户名"}
[2022-11-07 09:57:41,081] login.py-->login line: 19 [INFO]-->data是:{'username': '', 'password': 'csyz@1234'}，返回是:{"code":0,"message":"请填写用户名"}
[2022-11-07 09:57:41,081] login.py-->login line: 19 [INFO]-->data是:{'username': '', 'password': 'csyz@1234'}，返回是:{"code":0,"message":"请填写用户名"}
[2022-11-07 09:57:41,124] login.py-->login line: 19 [INFO]-->data是:{'username': '', 'password': 'csyz@1234'}，返回是:{"code":0,"message":"请填写用户名"}
[2022-11-07 09:57:41,124] login.py-->login line: 19 [INFO]-->data是:{'username': '', 'password': 'csyz@1234'}，返回是:{"code":0,"message":"请填写用户名"}
[2022-11-07 09:57:41,124] login.py-->login line: 19 [INFO]-->data是:{'username': '', 'password': 'csyz@1234'}，返回是:{"code":0,"message":"请填写用户名"}
[2022-11-07 09:57:41,124] login.py-->login line: 19 [INFO]-->data是:{'username': '', 'password': 'csyz@1234'}，返回是:{"code":0,"message":"请填写用户名"}
[2022-11-07 09:57:41,124] login.py-->login line: 19 [INFO]-->data是:{'username': '', 'password': 'csyz@1234'}，返回是:{"code":0,"message":"请填写用户名"}
[2022-11-07 09:57:41,124] login.py-->login line: 19 [INFO]-->data是:{'username': '', 'password': 'csyz@1234'}，返回是:{"code":0,"message":"请填写用户名"}
[2022-11-07 09:57:41,124] login.py-->login line: 19 [INFO]-->data是:{'username': '', 'password': 'csyz@1234'}，返回是:{"code":0,"message":"请填写用户名"}
[2022-11-07 09:57:41,124] login.py-->login line: 19 [INFO]-->data是:{'username': '', 'password': 'csyz@1234'}，返回是:{"code":0,"message":"请填写用户名"}
[2022-11-07 09:57:41,188] login.py-->login line: 19 [INFO]-->data是:{'username': 'libai', 'password': 'csyz@1234'}，返回是:{"code":1,"message":"贺喜你，登录成功"}
[2022-11-07 09:57:41,188] login.py-->login line: 19 [INFO]-->data是:{'username': 'libai', 'password': 'csyz@1234'}，返回是:{"code":1,"message":"贺喜你，登录成功"}
[2022-11-07 09:57:41,188] login.py-->login line: 19 [INFO]-->data是:{'username': 'libai', 'password': 'csyz@1234'}，返回是:{"code":1,"message":"贺喜你，登录成功"}
[2022-11-07 09:57:41,188] login.py-->login line: 19 [INFO]-->data是:{'username': 'libai', 'password': 'csyz@1234'}，返回是:{"code":1,"message":"贺喜你，登录成功"}
[2022-11-07 09:57:41,188] login.py-->login line: 19 [INFO]-->data是:{'username': 'libai', 'password': 'csyz@1234'}，返回是:{"code":1,"message":"贺喜你，登录成功"}
[2022-11-07 09:57:41,188] login.py-->login line: 19 [INFO]-->data是:{'username': 'libai', 'password': 'csyz@1234'}，返回是:{"code":1,"message":"贺喜你，登录成功"}
[2022-11-07 09:57:41,188] login.py-->login line: 19 [INFO]-->data是:{'username': 'libai', 'password': 'csyz@1234'}，返回是:{"code":1,"message":"贺喜你，登录成功"}
[2022-11-07 09:57:41,188] login.py-->login line: 19 [INFO]-->data是:{'username': 'libai', 'password': 'csyz@1234'}，返回是:{"code":1,"message":"贺喜你，登录成功"}
[2022-11-07 09:57:41,188] login.py-->login line: 19 [INFO]-->data是:{'username': 'libai', 'password': 'csyz@1234'}，返回是:{"code":1,"message":"贺喜你，登录成功"}
[2022-11-07 09:57:41,218] login.py-->login line: 19 [INFO]-->data是:{'username': 'libai123', 'password': 'csyz@1234'}，返回是:{"code":0,"message":"登录失败"}
[2022-11-07 09:57:41,218] login.py-->login line: 19 [INFO]-->data是:{'username': 'libai123', 'password': 'csyz@1234'}，返回是:{"code":0,"message":"登录失败"}
[2022-11-07 09:57:41,218] login.py-->login line: 19 [INFO]-->data是:{'username': 'libai123', 'password': 'csyz@1234'}，返回是:{"code":0,"message":"登录失败"}
[2022-11-07 09:57:41,218] login.py-->login line: 19 [INFO]-->data是:{'username': 'libai123', 'password': 'csyz@1234'}，返回是:{"code":0,"message":"登录失败"}
[2022-11-07 09:57:41,218] login.py-->login line: 19 [INFO]-->data是:{'username': 'libai123', 'password': 'csyz@1234'}，返回是:{"code":0,"message":"登录失败"}
[2022-11-07 09:57:41,218] login.py-->login line: 19 [INFO]-->data是:{'username': 'libai123', 'password': 'csyz@1234'}，返回是:{"code":0,"message":"登录失败"}
[2022-11-07 09:57:41,218] login.py-->login line: 19 [INFO]-->data是:{'username': 'libai123', 'password': 'csyz@1234'}，返回是:{"code":0,"message":"登录失败"}
[2022-11-07 09:57:41,218] login.py-->login line: 19 [INFO]-->data是:{'username': 'libai123', 'password': 'csyz@1234'}，返回是:{"code":0,"message":"登录失败"}
[2022-11-07 09:57:41,218] login.py-->login line: 19 [INFO]-->data是:{'username': 'libai123', 'password': 'csyz@1234'}，返回是:{"code":0,"message":"登录失败"}
[2022-11-07 09:57:41,218] login.py-->login line: 19 [INFO]-->data是:{'username': 'libai123', 'password': 'csyz@1234'}，返回是:{"code":0,"message":"登录失败"}
[2022-11-07 09:57:41,245] login.py-->login line: 19 [INFO]-->data是:{'username': 'libai', 'password': 'csyz@1234'}，返回是:{"code":1,"message":"贺喜你，登录成功"}
[2022-11-07 09:57:41,245] login.py-->login line: 19 [INFO]-->data是:{'username': 'libai', 'password': 'csyz@1234'}，返回是:{"code":1,"message":"贺喜你，登录成功"}
[2022-11-07 09:57:41,245] login.py-->login line: 19 [INFO]-->data是:{'username': 'libai', 'password': 'csyz@1234'}，返回是:{"code":1,"message":"贺喜你，登录成功"}
[2022-11-07 09:57:41,245] login.py-->login line: 19 [INFO]-->data是:{'username': 'libai', 'password': 'csyz@1234'}，返回是:{"code":1,"message":"贺喜你，登录成功"}
[2022-11-07 09:57:41,245] login.py-->login line: 19 [INFO]-->data是:{'username': 'libai', 'password': 'csyz@1234'}，返回是:{"code":1,"message":"贺喜你，登录成功"}
[2022-11-07 09:57:41,245] login.py-->login line: 19 [INFO]-->data是:{'username': 'libai', 'password': 'csyz@1234'}，返回是:{"code":1,"message":"贺喜你，登录成功"}
[2022-11-07 09:57:41,245] login.py-->login line: 19 [INFO]-->data是:{'username': 'libai', 'password': 'csyz@1234'}，返回是:{"code":1,"message":"贺喜你，登录成功"}
[2022-11-07 09:57:41,245] login.py-->login line: 19 [INFO]-->data是:{'username': 'libai', 'password': 'csyz@1234'}，返回是:{"code":1,"message":"贺喜你，登录成功"}
[2022-11-07 09:57:41,245] login.py-->login line: 19 [INFO]-->data是:{'username': 'libai', 'password': 'csyz@1234'}，返回是:{"code":1,"message":"贺喜你，登录成功"}
[2022-11-07 09:57:41,245] login.py-->login line: 19 [INFO]-->data是:{'username': 'libai', 'password': 'csyz@1234'}，返回是:{"code":1,"message":"贺喜你，登录成功"}
[2022-11-07 09:57:41,245] login.py-->login line: 19 [INFO]-->data是:{'username': 'libai', 'password': 'csyz@1234'}，返回是:{"code":1,"message":"贺喜你，登录成功"}
[2022-11-07 09:57:41,278] login.py-->login line: 19 [INFO]-->data是:{'username': 'libai', 'password': 'csyz@1234'}，返回是:{"code":1,"message":"贺喜你，登录成功"}
[2022-11-07 09:57:41,278] login.py-->login line: 19 [INFO]-->data是:{'username': 'libai', 'password': 'csyz@1234'}，返回是:{"code":1,"message":"贺喜你，登录成功"}
[2022-11-07 09:57:41,278] login.py-->login line: 19 [INFO]-->data是:{'username': 'libai', 'password': 'csyz@1234'}，返回是:{"code":1,"message":"贺喜你，登录成功"}
[2022-11-07 09:57:41,278] login.py-->login line: 19 [INFO]-->data是:{'username': 'libai', 'password': 'csyz@1234'}，返回是:{"code":1,"message":"贺喜你，登录成功"}
[2022-11-07 09:57:41,278] login.py-->login line: 19 [INFO]-->data是:{'username': 'libai', 'password': 'csyz@1234'}，返回是:{"code":1,"message":"贺喜你，登录成功"}
[2022-11-07 09:57:41,278] login.py-->login line: 19 [INFO]-->data是:{'username': 'libai', 'password': 'csyz@1234'}，返回是:{"code":1,"message":"贺喜你，登录成功"}
[2022-11-07 09:57:41,278] login.py-->login line: 19 [INFO]-->data是:{'username': 'libai', 'password': 'csyz@1234'}，返回是:{"code":1,"message":"贺喜你，登录成功"}
[2022-11-07 09:57:41,278] login.py-->login line: 19 [INFO]-->data是:{'username': 'libai', 'password': 'csyz@1234'}，返回是:{"code":1,"message":"贺喜你，登录成功"}
[2022-11-07 09:57:41,278] login.py-->login line: 19 [INFO]-->data是:{'username': 'libai', 'password': 'csyz@1234'}，返回是:{"code":1,"message":"贺喜你，登录成功"}
[2022-11-07 09:57:41,278] login.py-->login line: 19 [INFO]-->data是:{'username': 'libai', 'password': 'csyz@1234'}，返回是:{"code":1,"message":"贺喜你，登录成功"}
[2022-11-07 09:57:41,278] login.py-->login line: 19 [INFO]-->data是:{'username': 'libai', 'password': 'csyz@1234'}，返回是:{"code":1,"message":"贺喜你，登录成功"}
[2022-11-07 09:57:41,278] login.py-->login line: 19 [INFO]-->data是:{'username': 'libai', 'password': 'csyz@1234'}，返回是:{"code":1,"message":"贺喜你，登录成功"}
[2022-11-07 09:57:41,400] add.py-->add line: 39 [INFO]-->{"code":1,"id":"809430935010283520","message":"项目信息添加成功"}
[2022-11-07 09:57:41,400] add.py-->add line: 39 [INFO]-->{"code":1,"id":"809430935010283520","message":"项目信息添加成功"}
[2022-11-07 09:57:41,400] add.py-->add line: 39 [INFO]-->{"code":1,"id":"809430935010283520","message":"项目信息添加成功"}
[2022-11-07 09:57:41,400] add.py-->add line: 39 [INFO]-->{"code":1,"id":"809430935010283520","message":"项目信息添加成功"}
[2022-11-07 09:57:41,400] add.py-->add line: 39 [INFO]-->{"code":1,"id":"809430935010283520","message":"项目信息添加成功"}
[2022-11-07 09:57:41,400] add.py-->add line: 39 [INFO]-->{"code":1,"id":"809430935010283520","message":"项目信息添加成功"}
[2022-11-07 09:57:41,400] add.py-->add line: 39 [INFO]-->{"code":1,"id":"809430935010283520","message":"项目信息添加成功"}
[2022-11-07 09:57:41,400] add.py-->add line: 39 [INFO]-->{"code":1,"id":"809430935010283520","message":"项目信息添加成功"}
[2022-11-07 09:57:41,400] add.py-->add line: 39 [INFO]-->{"code":1,"id":"809430935010283520","message":"项目信息添加成功"}
[2022-11-07 09:57:41,400] add.py-->add line: 39 [INFO]-->{"code":1,"id":"809430935010283520","message":"项目信息添加成功"}
[2022-11-07 09:57:41,400] add.py-->add line: 39 [INFO]-->{"code":1,"id":"809430935010283520","message":"项目信息添加成功"}
[2022-11-07 09:57:41,400] add.py-->add line: 39 [INFO]-->{"code":1,"id":"809430935010283520","message":"项目信息添加成功"}
[2022-11-07 09:57:41,400] add.py-->add line: 39 [INFO]-->{"code":1,"id":"809430935010283520","message":"项目信息添加成功"}
[2022-11-07 09:57:41,505] add.py-->add line: 39 [INFO]-->{"code":0,"message":"请填写项目名称"}
[2022-11-07 09:57:41,505] add.py-->add line: 39 [INFO]-->{"code":0,"message":"请填写项目名称"}
[2022-11-07 09:57:41,505] add.py-->add line: 39 [INFO]-->{"code":0,"message":"请填写项目名称"}
[2022-11-07 09:57:41,505] add.py-->add line: 39 [INFO]-->{"code":0,"message":"请填写项目名称"}
[2022-11-07 09:57:41,505] add.py-->add line: 39 [INFO]-->{"code":0,"message":"请填写项目名称"}
[2022-11-07 09:57:41,505] add.py-->add line: 39 [INFO]-->{"code":0,"message":"请填写项目名称"}
[2022-11-07 09:57:41,505] add.py-->add line: 39 [INFO]-->{"code":0,"message":"请填写项目名称"}
[2022-11-07 09:57:41,505] add.py-->add line: 39 [INFO]-->{"code":0,"message":"请填写项目名称"}
[2022-11-07 09:57:41,505] add.py-->add line: 39 [INFO]-->{"code":0,"message":"请填写项目名称"}
[2022-11-07 09:57:41,505] add.py-->add line: 39 [INFO]-->{"code":0,"message":"请填写项目名称"}
[2022-11-07 09:57:41,505] add.py-->add line: 39 [INFO]-->{"code":0,"message":"请填写项目名称"}
[2022-11-07 09:57:41,505] add.py-->add line: 39 [INFO]-->{"code":0,"message":"请填写项目名称"}
[2022-11-07 09:57:41,505] add.py-->add line: 39 [INFO]-->{"code":0,"message":"请填写项目名称"}
[2022-11-07 09:57:41,505] add.py-->add line: 39 [INFO]-->{"code":0,"message":"请填写项目名称"}
[2022-11-07 09:57:41,528] add.py-->add line: 39 [INFO]-->{"code":0,"message":"请填写项目别名"}
[2022-11-07 09:57:41,528] add.py-->add line: 39 [INFO]-->{"code":0,"message":"请填写项目别名"}
[2022-11-07 09:57:41,528] add.py-->add line: 39 [INFO]-->{"code":0,"message":"请填写项目别名"}
[2022-11-07 09:57:41,528] add.py-->add line: 39 [INFO]-->{"code":0,"message":"请填写项目别名"}
[2022-11-07 09:57:41,528] add.py-->add line: 39 [INFO]-->{"code":0,"message":"请填写项目别名"}
[2022-11-07 09:57:41,528] add.py-->add line: 39 [INFO]-->{"code":0,"message":"请填写项目别名"}
[2022-11-07 09:57:41,528] add.py-->add line: 39 [INFO]-->{"code":0,"message":"请填写项目别名"}
[2022-11-07 09:57:41,528] add.py-->add line: 39 [INFO]-->{"code":0,"message":"请填写项目别名"}
[2022-11-07 09:57:41,528] add.py-->add line: 39 [INFO]-->{"code":0,"message":"请填写项目别名"}
[2022-11-07 09:57:41,528] add.py-->add line: 39 [INFO]-->{"code":0,"message":"请填写项目别名"}
[2022-11-07 09:57:41,528] add.py-->add line: 39 [INFO]-->{"code":0,"message":"请填写项目别名"}
[2022-11-07 09:57:41,528] add.py-->add line: 39 [INFO]-->{"code":0,"message":"请填写项目别名"}
[2022-11-07 09:57:41,528] add.py-->add line: 39 [INFO]-->{"code":0,"message":"请填写项目别名"}
[2022-11-07 09:57:41,528] add.py-->add line: 39 [INFO]-->{"code":0,"message":"请填写项目别名"}
[2022-11-07 09:57:41,528] add.py-->add line: 39 [INFO]-->{"code":0,"message":"请填写项目别名"}
[2022-11-07 09:57:41,564] add.py-->add line: 39 [INFO]-->{"code":0,"message":"请填写开始时间"}
[2022-11-07 09:57:41,564] add.py-->add line: 39 [INFO]-->{"code":0,"message":"请填写开始时间"}
[2022-11-07 09:57:41,564] add.py-->add line: 39 [INFO]-->{"code":0,"message":"请填写开始时间"}
[2022-11-07 09:57:41,564] add.py-->add line: 39 [INFO]-->{"code":0,"message":"请填写开始时间"}
[2022-11-07 09:57:41,564] add.py-->add line: 39 [INFO]-->{"code":0,"message":"请填写开始时间"}
[2022-11-07 09:57:41,564] add.py-->add line: 39 [INFO]-->{"code":0,"message":"请填写开始时间"}
[2022-11-07 09:57:41,564] add.py-->add line: 39 [INFO]-->{"code":0,"message":"请填写开始时间"}
[2022-11-07 09:57:41,564] add.py-->add line: 39 [INFO]-->{"code":0,"message":"请填写开始时间"}
[2022-11-07 09:57:41,564] add.py-->add line: 39 [INFO]-->{"code":0,"message":"请填写开始时间"}
[2022-11-07 09:57:41,564] add.py-->add line: 39 [INFO]-->{"code":0,"message":"请填写开始时间"}
[2022-11-07 09:57:41,564] add.py-->add line: 39 [INFO]-->{"code":0,"message":"请填写开始时间"}
[2022-11-07 09:57:41,564] add.py-->add line: 39 [INFO]-->{"code":0,"message":"请填写开始时间"}
[2022-11-07 09:57:41,564] add.py-->add line: 39 [INFO]-->{"code":0,"message":"请填写开始时间"}
[2022-11-07 09:57:41,564] add.py-->add line: 39 [INFO]-->{"code":0,"message":"请填写开始时间"}
[2022-11-07 09:57:41,564] add.py-->add line: 39 [INFO]-->{"code":0,"message":"请填写开始时间"}
[2022-11-07 09:57:41,564] add.py-->add line: 39 [INFO]-->{"code":0,"message":"请填写开始时间"}
[2022-11-07 09:57:41,586] add.py-->add line: 39 [INFO]-->{"code":0,"message":"请填写结束时间"}
[2022-11-07 09:57:41,586] add.py-->add line: 39 [INFO]-->{"code":0,"message":"请填写结束时间"}
[2022-11-07 09:57:41,586] add.py-->add line: 39 [INFO]-->{"code":0,"message":"请填写结束时间"}
[2022-11-07 09:57:41,586] add.py-->add line: 39 [INFO]-->{"code":0,"message":"请填写结束时间"}
[2022-11-07 09:57:41,586] add.py-->add line: 39 [INFO]-->{"code":0,"message":"请填写结束时间"}
[2022-11-07 09:57:41,586] add.py-->add line: 39 [INFO]-->{"code":0,"message":"请填写结束时间"}
[2022-11-07 09:57:41,586] add.py-->add line: 39 [INFO]-->{"code":0,"message":"请填写结束时间"}
[2022-11-07 09:57:41,586] add.py-->add line: 39 [INFO]-->{"code":0,"message":"请填写结束时间"}
[2022-11-07 09:57:41,586] add.py-->add line: 39 [INFO]-->{"code":0,"message":"请填写结束时间"}
[2022-11-07 09:57:41,586] add.py-->add line: 39 [INFO]-->{"code":0,"message":"请填写结束时间"}
[2022-11-07 09:57:41,586] add.py-->add line: 39 [INFO]-->{"code":0,"message":"请填写结束时间"}
[2022-11-07 09:57:41,586] add.py-->add line: 39 [INFO]-->{"code":0,"message":"请填写结束时间"}
[2022-11-07 09:57:41,586] add.py-->add line: 39 [INFO]-->{"code":0,"message":"请填写结束时间"}
[2022-11-07 09:57:41,586] add.py-->add line: 39 [INFO]-->{"code":0,"message":"请填写结束时间"}
[2022-11-07 09:57:41,586] add.py-->add line: 39 [INFO]-->{"code":0,"message":"请填写结束时间"}
[2022-11-07 09:57:41,586] add.py-->add line: 39 [INFO]-->{"code":0,"message":"请填写结束时间"}
[2022-11-07 09:57:41,586] add.py-->add line: 39 [INFO]-->{"code":0,"message":"请填写结束时间"}
[2022-11-07 09:57:41,607] add.py-->add line: 39 [INFO]-->{"code":0,"message":"请填写项目描述"}
[2022-11-07 09:57:41,607] add.py-->add line: 39 [INFO]-->{"code":0,"message":"请填写项目描述"}
[2022-11-07 09:57:41,607] add.py-->add line: 39 [INFO]-->{"code":0,"message":"请填写项目描述"}
[2022-11-07 09:57:41,607] add.py-->add line: 39 [INFO]-->{"code":0,"message":"请填写项目描述"}
[2022-11-07 09:57:41,607] add.py-->add line: 39 [INFO]-->{"code":0,"message":"请填写项目描述"}
[2022-11-07 09:57:41,607] add.py-->add line: 39 [INFO]-->{"code":0,"message":"请填写项目描述"}
[2022-11-07 09:57:41,607] add.py-->add line: 39 [INFO]-->{"code":0,"message":"请填写项目描述"}
[2022-11-07 09:57:41,607] add.py-->add line: 39 [INFO]-->{"code":0,"message":"请填写项目描述"}
[2022-11-07 09:57:41,607] add.py-->add line: 39 [INFO]-->{"code":0,"message":"请填写项目描述"}
[2022-11-07 09:57:41,607] add.py-->add line: 39 [INFO]-->{"code":0,"message":"请填写项目描述"}
[2022-11-07 09:57:41,607] add.py-->add line: 39 [INFO]-->{"code":0,"message":"请填写项目描述"}
[2022-11-07 09:57:41,607] add.py-->add line: 39 [INFO]-->{"code":0,"message":"请填写项目描述"}
[2022-11-07 09:57:41,607] add.py-->add line: 39 [INFO]-->{"code":0,"message":"请填写项目描述"}
[2022-11-07 09:57:41,607] add.py-->add line: 39 [INFO]-->{"code":0,"message":"请填写项目描述"}
[2022-11-07 09:57:41,607] add.py-->add line: 39 [INFO]-->{"code":0,"message":"请填写项目描述"}
[2022-11-07 09:57:41,607] add.py-->add line: 39 [INFO]-->{"code":0,"message":"请填写项目描述"}
[2022-11-07 09:57:41,607] add.py-->add line: 39 [INFO]-->{"code":0,"message":"请填写项目描述"}
[2022-11-07 09:57:41,607] add.py-->add line: 39 [INFO]-->{"code":0,"message":"请填写项目描述"}
[2022-11-07 09:57:41,629] add.py-->add line: 39 [INFO]-->{"code":1,"id":"809430935962390528","message":"项目信息添加成功"}
[2022-11-07 09:57:41,629] add.py-->add line: 39 [INFO]-->{"code":1,"id":"809430935962390528","message":"项目信息添加成功"}
[2022-11-07 09:57:41,629] add.py-->add line: 39 [INFO]-->{"code":1,"id":"809430935962390528","message":"项目信息添加成功"}
[2022-11-07 09:57:41,629] add.py-->add line: 39 [INFO]-->{"code":1,"id":"809430935962390528","message":"项目信息添加成功"}
[2022-11-07 09:57:41,629] add.py-->add line: 39 [INFO]-->{"code":1,"id":"809430935962390528","message":"项目信息添加成功"}
[2022-11-07 09:57:41,629] add.py-->add line: 39 [INFO]-->{"code":1,"id":"809430935962390528","message":"项目信息添加成功"}
[2022-11-07 09:57:41,629] add.py-->add line: 39 [INFO]-->{"code":1,"id":"809430935962390528","message":"项目信息添加成功"}
[2022-11-07 09:57:41,629] add.py-->add line: 39 [INFO]-->{"code":1,"id":"809430935962390528","message":"项目信息添加成功"}
[2022-11-07 09:57:41,629] add.py-->add line: 39 [INFO]-->{"code":1,"id":"809430935962390528","message":"项目信息添加成功"}
[2022-11-07 09:57:41,629] add.py-->add line: 39 [INFO]-->{"code":1,"id":"809430935962390528","message":"项目信息添加成功"}
[2022-11-07 09:57:41,629] add.py-->add line: 39 [INFO]-->{"code":1,"id":"809430935962390528","message":"项目信息添加成功"}
[2022-11-07 09:57:41,629] add.py-->add line: 39 [INFO]-->{"code":1,"id":"809430935962390528","message":"项目信息添加成功"}
[2022-11-07 09:57:41,629] add.py-->add line: 39 [INFO]-->{"code":1,"id":"809430935962390528","message":"项目信息添加成功"}
[2022-11-07 09:57:41,629] add.py-->add line: 39 [INFO]-->{"code":1,"id":"809430935962390528","message":"项目信息添加成功"}
[2022-11-07 09:57:41,629] add.py-->add line: 39 [INFO]-->{"code":1,"id":"809430935962390528","message":"项目信息添加成功"}
[2022-11-07 09:57:41,629] add.py-->add line: 39 [INFO]-->{"code":1,"id":"809430935962390528","message":"项目信息添加成功"}
[2022-11-07 09:57:41,629] add.py-->add line: 39 [INFO]-->{"code":1,"id":"809430935962390528","message":"项目信息添加成功"}
[2022-11-07 09:57:41,629] add.py-->add line: 39 [INFO]-->{"code":1,"id":"809430935962390528","message":"项目信息添加成功"}
[2022-11-07 09:57:41,629] add.py-->add line: 39 [INFO]-->{"code":1,"id":"809430935962390528","message":"项目信息添加成功"}
