[2022-11-01 11:26:39,963] loger.py--><module> line: 72 [INFO]-->{'code': 1, 'messge': '贺喜您，登录成功'}
[2022-11-01 11:26:39,964] loger.py--><module> line: 75 [ERROR]-->登录失败了
[2022-11-01 11:27:31,799] loger.py--><module> line: 72 [INFO]-->{'code': 1, 'messge': '贺喜您，登录成功'}
[2022-11-01 11:27:31,800] loger.py--><module> line: 75 [ERROR]-->登录失败了
[2022-11-01 11:29:50,579] loger.py--><module> line: 72 [INFO]-->{'code': 1, 'messge': '贺喜您，登录成功'}
[2022-11-01 11:29:50,580] loger.py--><module> line: 74 [ERROR]-->登录失败了
[2022-11-01 11:30:21,464] loger.py--><module> line: 72 [INFO]-->{'code': 1, 'messge': '贺喜您，登录成功'}
[2022-11-01 11:30:21,465] loger.py--><module> line: 75 [ERROR]-->登录失败了
[2022-11-01 11:30:21,465] loger.py-->debug line: 82 [ERROR]-->登录失败了
[2022-11-01 11:31:11,373] loger.py--><module> line: 72 [INFO]-->{'code': 1, 'messge': '贺喜您，登录成功'}
[2022-11-01 11:31:18,755] loger.py--><module> line: 72 [INFO]-->{'code': 1, 'messge': '贺喜您，登录成功'}
[2022-11-01 11:31:27,448] loger.py--><module> line: 72 [INFO]-->{'code': 1, 'messge': '贺喜您，登录成功'}
[2022-11-01 11:31:27,449] loger.py--><module> line: 75 [ERROR]-->登录失败了
[2022-11-01 11:31:49,801] loger.py--><module> line: 72 [INFO]-->{'code': 1, 'messge': '贺喜您，登录成功'}
[2022-11-01 11:31:53,801] loger.py--><module> line: 72 [INFO]-->{'code': 3, 'messge': '贺喜您，登录成功'}
[2022-11-01 11:32:03,372] loger.py--><module> line: 72 [INFO]-->{'code': 3, 'messge': '贺喜您，登录成功'}
[2022-11-01 11:32:03,372] loger.py--><module> line: 76 [ERROR]-->登录失败了
[2022-11-01 11:32:30,215] loger.py--><module> line: 72 [INFO]-->{'code': 1, 'messge': '贺喜您，登录成功'}
[2022-11-01 11:32:30,215] loger.py--><module> line: 75 [ERROR]-->登录失败了
[2022-11-01 11:41:04,880] loger.py--><module> line: 73 [INFO]-->{'code': 1, 'messge': '贺喜您，登录成功'}
[2022-11-01 11:41:04,881] loger.py--><module> line: 76 [ERROR]-->登录失败了
[2022-11-01 11:42:23,814] loger.py--><module> line: 73 [INFO]-->{'code': 1, 'messge': 'ϲ¼ɹ'}
[2022-11-01 11:42:23,814] loger.py--><module> line: 76 [ERROR]-->¼ʧ
